2025-10-30 16:51 +05:30: 🔄 Enhanced System Monitor: Continuous monitoring started
2025-10-30 16:51 +05:30: ✅ Enhanced System Monitor: Connected to PM2
2025-10-30 16:51 +05:30: ✅ Database connected successfully
2025-10-30 16:51 +05:30: 🔄 Enhanced System Monitor: Continuous monitoring started
2025-10-30 16:51 +05:30: ✅ Enhanced System Monitor: Connected to PM2
2025-10-30 16:51 +05:30: ✅ Database connected successfully
2025-10-30 16:51 +05:30: 🔄 Enhanced System Monitor: Continuous monitoring started
2025-10-30 16:51 +05:30: ✅ Enhanced System Monitor: Connected to PM2
2025-10-30 16:51 +05:30: ✅ Database connected successfully
2025-10-30 16:51 +05:30: 🔄 Enhanced System Monitor: Continuous monitoring started
2025-10-30 16:51 +05:30: ✅ Enhanced System Monitor: Connected to PM2
2025-10-30 16:51 +05:30: ✅ Database connected successfully
2025-10-30 16:51 +05:30: 🔄 Enhanced System Monitor: Continuous monitoring started
2025-10-30 16:51 +05:30: ✅ Enhanced System Monitor: Connected to PM2
2025-10-30 16:51 +05:30: ✅ Database connected successfully
2025-10-30 16:51 +05:30: 🔄 Enhanced System Monitor: Continuous monitoring started
2025-10-30 16:51 +05:30: ✅ Enhanced System Monitor: Connected to PM2
2025-10-30 16:51 +05:30: ✅ Database connected successfully
2025-10-30 16:51 +05:30: 🔄 Enhanced System Monitor: Continuous monitoring started
2025-10-30 16:51 +05:30: ✅ Enhanced System Monitor: Connected to PM2
2025-10-30 16:51 +05:30: ✅ Database connected successfully
2025-10-30 16:51 +05:30: 🔄 Enhanced System Monitor: Continuous monitoring started
2025-10-30 16:51 +05:30: ✅ Enhanced System Monitor: Connected to PM2
2025-10-30 16:51 +05:30: ✅ Database connected successfully
2025-10-30 16:51 +05:30: 🔄 Enhanced System Monitor: Continuous monitoring started
2025-10-30 16:51 +05:30: ✅ Enhanced System Monitor: Connected to PM2
2025-10-30 16:51 +05:30: ✅ Database connected successfully
2025-10-30 16:51 +05:30: 🔄 Enhanced System Monitor: Continuous monitoring started
2025-10-30 16:51 +05:30: ✅ Enhanced System Monitor: Connected to PM2
2025-10-30 16:51 +05:30: ✅ Database connected successfully
2025-10-30 16:53 +05:30: 🔄 Enhanced System Monitor: Continuous monitoring started
2025-10-30 16:53 +05:30: ✅ Enhanced System Monitor: Connected to PM2
2025-10-30 16:53 +05:30: ✅ Database connected successfully
2025-10-30 16:53 +05:30: 🚀 CMSCRM Backend Server running on http://192.168.31.65:5000
2025-10-30 16:53 +05:30: 📊 Environment: development
2025-10-30 16:53 +05:30: 🔗 Health Check: http://192.168.31.65:5000/health
2025-10-30 16:53 +05:30: 📚 API Base: http://192.168.31.65:5000/api
2025-10-30 16:55 +05:30: 🔄 Enhanced System Monitor: Continuous monitoring started
2025-10-30 16:55 +05:30: ✅ Enhanced System Monitor: Connected to PM2
2025-10-30 16:55 +05:30: ✅ Database connected successfully
2025-10-30 16:55 +05:30: 🔄 Enhanced System Monitor: Continuous monitoring started
2025-10-30 16:55 +05:30: ✅ Enhanced System Monitor: Connected to PM2
2025-10-30 16:55 +05:30: ✅ Database connected successfully
2025-10-30 16:55 +05:30: 🔄 Enhanced System Monitor: Continuous monitoring started
2025-10-30 16:55 +05:30: ✅ Enhanced System Monitor: Connected to PM2
2025-10-30 16:55 +05:30: ✅ Database connected successfully
2025-10-30 16:55 +05:30: 🔄 Enhanced System Monitor: Continuous monitoring started
2025-10-30 16:55 +05:30: ✅ Enhanced System Monitor: Connected to PM2
2025-10-30 16:55 +05:30: ✅ Database connected successfully
2025-10-30 16:55 +05:30: 🔄 Enhanced System Monitor: Continuous monitoring started
2025-10-30 16:55 +05:30: ✅ Enhanced System Monitor: Connected to PM2
2025-10-30 16:55 +05:30: ✅ Database connected successfully
2025-10-30 16:55 +05:30: 🔄 Enhanced System Monitor: Continuous monitoring started
2025-10-30 16:55 +05:30: ✅ Enhanced System Monitor: Connected to PM2
2025-10-30 16:55 +05:30: ✅ Database connected successfully
2025-10-30 16:55 +05:30: 🔄 Enhanced System Monitor: Continuous monitoring started
2025-10-30 16:55 +05:30: ✅ Enhanced System Monitor: Connected to PM2
2025-10-30 16:55 +05:30: ✅ Database connected successfully
2025-10-30 16:55 +05:30: 🔄 Enhanced System Monitor: Continuous monitoring started
2025-10-30 16:55 +05:30: ✅ Enhanced System Monitor: Connected to PM2
2025-10-30 16:55 +05:30: ✅ Database connected successfully
2025-10-30 16:55 +05:30: 🔄 Enhanced System Monitor: Continuous monitoring started
2025-10-30 16:55 +05:30: ✅ Enhanced System Monitor: Connected to PM2
2025-10-30 16:55 +05:30: ✅ Database connected successfully
2025-10-30 16:56 +05:30: 🔄 Enhanced System Monitor: Continuous monitoring started
2025-10-30 16:56 +05:30: ✅ Enhanced System Monitor: Connected to PM2
2025-10-30 16:56 +05:30: ✅ Database connected successfully
2025-10-30 16:59 +05:30: 🔄 Enhanced System Monitor: Continuous monitoring started
2025-10-30 16:59 +05:30: ✅ Enhanced System Monitor: Connected to PM2
2025-10-30 16:59 +05:30: ✅ Database connected successfully
2025-10-30 16:59 +05:30: 🔄 Enhanced System Monitor: Continuous monitoring started
2025-10-30 16:59 +05:30: ✅ Enhanced System Monitor: Connected to PM2
2025-10-30 16:59 +05:30: ✅ Database connected successfully
2025-10-30 16:59 +05:30: 🔄 Enhanced System Monitor: Continuous monitoring started
2025-10-30 16:59 +05:30: ✅ Enhanced System Monitor: Connected to PM2
2025-10-30 16:59 +05:30: ✅ Database connected successfully
2025-10-30 16:59 +05:30: 🔄 Enhanced System Monitor: Continuous monitoring started
2025-10-30 16:59 +05:30: ✅ Enhanced System Monitor: Connected to PM2
2025-10-30 16:59 +05:30: ✅ Database connected successfully
2025-10-30 16:59 +05:30: 🔄 Enhanced System Monitor: Continuous monitoring started
2025-10-30 16:59 +05:30: ✅ Enhanced System Monitor: Connected to PM2
2025-10-30 16:59 +05:30: ✅ Database connected successfully
2025-10-30 16:59 +05:30: 🔄 Enhanced System Monitor: Continuous monitoring started
2025-10-30 16:59 +05:30: ✅ Enhanced System Monitor: Connected to PM2
2025-10-30 16:59 +05:30: ✅ Database connected successfully
2025-10-30 16:59 +05:30: 🔄 Enhanced System Monitor: Continuous monitoring started
2025-10-30 16:59 +05:30: ✅ Enhanced System Monitor: Connected to PM2
2025-10-30 16:59 +05:30: ✅ Database connected successfully
2025-10-30 16:59 +05:30: 🔄 Enhanced System Monitor: Continuous monitoring started
2025-10-30 16:59 +05:30: ✅ Enhanced System Monitor: Connected to PM2
2025-10-30 16:59 +05:30: ✅ Database connected successfully
2025-10-30 16:59 +05:30: 🔄 Enhanced System Monitor: Continuous monitoring started
2025-10-30 16:59 +05:30: ✅ Enhanced System Monitor: Connected to PM2
2025-10-30 16:59 +05:30: ✅ Database connected successfully
2025-10-30 16:59 +05:30: 🔄 Enhanced System Monitor: Continuous monitoring started
2025-10-30 16:59 +05:30: ✅ Enhanced System Monitor: Connected to PM2
2025-10-30 16:59 +05:30: ✅ Database connected successfully
2025-10-30 17:01 +05:30: 🔄 Enhanced System Monitor: Continuous monitoring started
2025-10-30 17:01 +05:30: ✅ Enhanced System Monitor: Connected to PM2
2025-10-30 17:01 +05:30: ✅ Database connected successfully
2025-10-30 17:01 +05:30: 🔄 Enhanced System Monitor: Continuous monitoring started
2025-10-30 17:01 +05:30: ✅ Enhanced System Monitor: Connected to PM2
2025-10-30 17:01 +05:30: ✅ Database connected successfully
2025-10-30 17:02 +05:30: 🔄 Enhanced System Monitor: Continuous monitoring started
2025-10-30 17:02 +05:30: ✅ Enhanced System Monitor: Connected to PM2
2025-10-30 17:02 +05:30: ✅ Database connected successfully
2025-10-30 17:02 +05:30: 🔄 Enhanced System Monitor: Continuous monitoring started
2025-10-30 17:02 +05:30: ✅ Enhanced System Monitor: Connected to PM2
2025-10-30 17:02 +05:30: ✅ Database connected successfully
2025-10-30 17:02 +05:30: 🔄 Enhanced System Monitor: Continuous monitoring started
2025-10-30 17:02 +05:30: ✅ Enhanced System Monitor: Connected to PM2
2025-10-30 17:02 +05:30: ✅ Database connected successfully
2025-10-30 17:02 +05:30: 🔄 Enhanced System Monitor: Continuous monitoring started
2025-10-30 17:02 +05:30: ✅ Enhanced System Monitor: Connected to PM2
2025-10-30 17:02 +05:30: ✅ Database connected successfully
2025-10-30 17:02 +05:30: 🔄 Enhanced System Monitor: Continuous monitoring started
2025-10-30 17:02 +05:30: ✅ Enhanced System Monitor: Connected to PM2
2025-10-30 17:02 +05:30: ✅ Database connected successfully
2025-10-30 17:02 +05:30: 🔄 Enhanced System Monitor: Continuous monitoring started
2025-10-30 17:02 +05:30: ✅ Enhanced System Monitor: Connected to PM2
2025-10-30 17:02 +05:30: ✅ Database connected successfully
2025-10-30 17:02 +05:30: 🔄 Enhanced System Monitor: Continuous monitoring started
2025-10-30 17:02 +05:30: ✅ Enhanced System Monitor: Connected to PM2
2025-10-30 17:02 +05:30: ✅ Database connected successfully
2025-10-30 17:02 +05:30: 🔄 Enhanced System Monitor: Continuous monitoring started
2025-10-30 17:02 +05:30: ✅ Enhanced System Monitor: Connected to PM2
2025-10-30 17:02 +05:30: ✅ Database connected successfully
