2025-10-30 16:51 +05:30: Ignoring invalid configuration option passed to Connection: acquireTimeout. This is currently a warning, but in future versions of MySQL2, an error will be thrown if you pass an invalid configuration option to a Connection
2025-10-30 16:51 +05:30: Ignoring invalid configuration option passed to Connection: timeout. This is currently a warning, but in future versions of MySQL2, an error will be thrown if you pass an invalid configuration option to a Connection
2025-10-30 16:51 +05:30: Ignoring invalid configuration option passed to Connection: reconnect. This is currently a warning, but in future versions of MySQL2, an error will be thrown if you pass an invalid configuration option to a Connection
2025-10-30 16:51 +05:30: Error: listen EADDRNOTAVAIL: address not available 192.168.31.65:5000
2025-10-30 16:51 +05:30:     at Server.setupListenHandle [as _listen2] (node:net:1917:21)
2025-10-30 16:51 +05:30:     at listenInCluster (node:net:1996:12)
2025-10-30 16:51 +05:30:     at node:net:2205:7
2025-10-30 16:51 +05:30:     at process.processTicksAndRejections (node:internal/process/task_queues:90:21) {
2025-10-30 16:51 +05:30:   code: 'EADDRNOTAVAIL',
2025-10-30 16:51 +05:30:   errno: -4090,
2025-10-30 16:51 +05:30:   syscall: 'listen',
2025-10-30 16:51 +05:30:   address: '192.168.31.65',
2025-10-30 16:51 +05:30:   port: 5000
2025-10-30 16:51 +05:30: }
2025-10-30 16:51 +05:30: Uncaught Exception: Error: listen EADDRNOTAVAIL: address not available 192.168.31.65:5000
2025-10-30 16:51 +05:30:     at Server.setupListenHandle [as _listen2] (node:net:1917:21)
2025-10-30 16:51 +05:30:     at listenInCluster (node:net:1996:12)
2025-10-30 16:51 +05:30:     at node:net:2205:7
2025-10-30 16:51 +05:30:     at process.processTicksAndRejections (node:internal/process/task_queues:90:21) {
2025-10-30 16:51 +05:30:   code: 'EADDRNOTAVAIL',
2025-10-30 16:51 +05:30:   errno: -4090,
2025-10-30 16:51 +05:30:   syscall: 'listen',
2025-10-30 16:51 +05:30:   address: '192.168.31.65',
2025-10-30 16:51 +05:30:   port: 5000
2025-10-30 16:51 +05:30: }
2025-10-30 16:51 +05:30: Ignoring invalid configuration option passed to Connection: acquireTimeout. This is currently a warning, but in future versions of MySQL2, an error will be thrown if you pass an invalid configuration option to a Connection
2025-10-30 16:51 +05:30: Ignoring invalid configuration option passed to Connection: timeout. This is currently a warning, but in future versions of MySQL2, an error will be thrown if you pass an invalid configuration option to a Connection
2025-10-30 16:51 +05:30: Ignoring invalid configuration option passed to Connection: reconnect. This is currently a warning, but in future versions of MySQL2, an error will be thrown if you pass an invalid configuration option to a Connection
2025-10-30 16:51 +05:30: Error: listen EADDRNOTAVAIL: address not available 192.168.31.65:5000
2025-10-30 16:51 +05:30:     at Server.setupListenHandle [as _listen2] (node:net:1917:21)
2025-10-30 16:51 +05:30:     at listenInCluster (node:net:1996:12)
2025-10-30 16:51 +05:30:     at node:net:2205:7
2025-10-30 16:51 +05:30:     at process.processTicksAndRejections (node:internal/process/task_queues:90:21) {
2025-10-30 16:51 +05:30:   code: 'EADDRNOTAVAIL',
2025-10-30 16:51 +05:30:   errno: -4090,
2025-10-30 16:51 +05:30:   syscall: 'listen',
2025-10-30 16:51 +05:30:   address: '192.168.31.65',
2025-10-30 16:51 +05:30:   port: 5000
2025-10-30 16:51 +05:30: }
2025-10-30 16:51 +05:30: Uncaught Exception: Error: listen EADDRNOTAVAIL: address not available 192.168.31.65:5000
2025-10-30 16:51 +05:30:     at Server.setupListenHandle [as _listen2] (node:net:1917:21)
2025-10-30 16:51 +05:30:     at listenInCluster (node:net:1996:12)
2025-10-30 16:51 +05:30:     at node:net:2205:7
2025-10-30 16:51 +05:30:     at process.processTicksAndRejections (node:internal/process/task_queues:90:21) {
2025-10-30 16:51 +05:30:   code: 'EADDRNOTAVAIL',
2025-10-30 16:51 +05:30:   errno: -4090,
2025-10-30 16:51 +05:30:   syscall: 'listen',
2025-10-30 16:51 +05:30:   address: '192.168.31.65',
2025-10-30 16:51 +05:30:   port: 5000
2025-10-30 16:51 +05:30: }
2025-10-30 16:51 +05:30: Ignoring invalid configuration option passed to Connection: acquireTimeout. This is currently a warning, but in future versions of MySQL2, an error will be thrown if you pass an invalid configuration option to a Connection
2025-10-30 16:51 +05:30: Ignoring invalid configuration option passed to Connection: timeout. This is currently a warning, but in future versions of MySQL2, an error will be thrown if you pass an invalid configuration option to a Connection
2025-10-30 16:51 +05:30: Ignoring invalid configuration option passed to Connection: reconnect. This is currently a warning, but in future versions of MySQL2, an error will be thrown if you pass an invalid configuration option to a Connection
2025-10-30 16:51 +05:30: Error: listen EADDRNOTAVAIL: address not available 192.168.31.65:5000
2025-10-30 16:51 +05:30:     at Server.setupListenHandle [as _listen2] (node:net:1917:21)
2025-10-30 16:51 +05:30:     at listenInCluster (node:net:1996:12)
2025-10-30 16:51 +05:30:     at node:net:2205:7
2025-10-30 16:51 +05:30:     at process.processTicksAndRejections (node:internal/process/task_queues:90:21) {
2025-10-30 16:51 +05:30:   code: 'EADDRNOTAVAIL',
2025-10-30 16:51 +05:30:   errno: -4090,
2025-10-30 16:51 +05:30:   syscall: 'listen',
2025-10-30 16:51 +05:30:   address: '192.168.31.65',
2025-10-30 16:51 +05:30:   port: 5000
2025-10-30 16:51 +05:30: }
2025-10-30 16:51 +05:30: Uncaught Exception: Error: listen EADDRNOTAVAIL: address not available 192.168.31.65:5000
2025-10-30 16:51 +05:30:     at Server.setupListenHandle [as _listen2] (node:net:1917:21)
2025-10-30 16:51 +05:30:     at listenInCluster (node:net:1996:12)
2025-10-30 16:51 +05:30:     at node:net:2205:7
2025-10-30 16:51 +05:30:     at process.processTicksAndRejections (node:internal/process/task_queues:90:21) {
2025-10-30 16:51 +05:30:   code: 'EADDRNOTAVAIL',
2025-10-30 16:51 +05:30:   errno: -4090,
2025-10-30 16:51 +05:30:   syscall: 'listen',
2025-10-30 16:51 +05:30:   address: '192.168.31.65',
2025-10-30 16:51 +05:30:   port: 5000
2025-10-30 16:51 +05:30: }
2025-10-30 16:51 +05:30: Ignoring invalid configuration option passed to Connection: acquireTimeout. This is currently a warning, but in future versions of MySQL2, an error will be thrown if you pass an invalid configuration option to a Connection
2025-10-30 16:51 +05:30: Ignoring invalid configuration option passed to Connection: timeout. This is currently a warning, but in future versions of MySQL2, an error will be thrown if you pass an invalid configuration option to a Connection
2025-10-30 16:51 +05:30: Ignoring invalid configuration option passed to Connection: reconnect. This is currently a warning, but in future versions of MySQL2, an error will be thrown if you pass an invalid configuration option to a Connection
2025-10-30 16:51 +05:30: Error: listen EADDRNOTAVAIL: address not available 192.168.31.65:5000
2025-10-30 16:51 +05:30:     at Server.setupListenHandle [as _listen2] (node:net:1917:21)
2025-10-30 16:51 +05:30:     at listenInCluster (node:net:1996:12)
2025-10-30 16:51 +05:30:     at node:net:2205:7
2025-10-30 16:51 +05:30:     at process.processTicksAndRejections (node:internal/process/task_queues:90:21) {
2025-10-30 16:51 +05:30:   code: 'EADDRNOTAVAIL',
2025-10-30 16:51 +05:30:   errno: -4090,
2025-10-30 16:51 +05:30:   syscall: 'listen',
2025-10-30 16:51 +05:30:   address: '192.168.31.65',
2025-10-30 16:51 +05:30:   port: 5000
2025-10-30 16:51 +05:30: }
2025-10-30 16:51 +05:30: Uncaught Exception: Error: listen EADDRNOTAVAIL: address not available 192.168.31.65:5000
2025-10-30 16:51 +05:30:     at Server.setupListenHandle [as _listen2] (node:net:1917:21)
2025-10-30 16:51 +05:30:     at listenInCluster (node:net:1996:12)
2025-10-30 16:51 +05:30:     at node:net:2205:7
2025-10-30 16:51 +05:30:     at process.processTicksAndRejections (node:internal/process/task_queues:90:21) {
2025-10-30 16:51 +05:30:   code: 'EADDRNOTAVAIL',
2025-10-30 16:51 +05:30:   errno: -4090,
2025-10-30 16:51 +05:30:   syscall: 'listen',
2025-10-30 16:51 +05:30:   address: '192.168.31.65',
2025-10-30 16:51 +05:30:   port: 5000
2025-10-30 16:51 +05:30: }
2025-10-30 16:51 +05:30: Ignoring invalid configuration option passed to Connection: acquireTimeout. This is currently a warning, but in future versions of MySQL2, an error will be thrown if you pass an invalid configuration option to a Connection
2025-10-30 16:51 +05:30: Ignoring invalid configuration option passed to Connection: timeout. This is currently a warning, but in future versions of MySQL2, an error will be thrown if you pass an invalid configuration option to a Connection
2025-10-30 16:51 +05:30: Ignoring invalid configuration option passed to Connection: reconnect. This is currently a warning, but in future versions of MySQL2, an error will be thrown if you pass an invalid configuration option to a Connection
2025-10-30 16:51 +05:30: Error: listen EADDRNOTAVAIL: address not available 192.168.31.65:5000
2025-10-30 16:51 +05:30:     at Server.setupListenHandle [as _listen2] (node:net:1917:21)
2025-10-30 16:51 +05:30:     at listenInCluster (node:net:1996:12)
2025-10-30 16:51 +05:30:     at node:net:2205:7
2025-10-30 16:51 +05:30:     at process.processTicksAndRejections (node:internal/process/task_queues:90:21) {
2025-10-30 16:51 +05:30:   code: 'EADDRNOTAVAIL',
2025-10-30 16:51 +05:30:   errno: -4090,
2025-10-30 16:51 +05:30:   syscall: 'listen',
2025-10-30 16:51 +05:30:   address: '192.168.31.65',
2025-10-30 16:51 +05:30:   port: 5000
2025-10-30 16:51 +05:30: }
2025-10-30 16:51 +05:30: Uncaught Exception: Error: listen EADDRNOTAVAIL: address not available 192.168.31.65:5000
2025-10-30 16:51 +05:30:     at Server.setupListenHandle [as _listen2] (node:net:1917:21)
2025-10-30 16:51 +05:30:     at listenInCluster (node:net:1996:12)
2025-10-30 16:51 +05:30:     at node:net:2205:7
2025-10-30 16:51 +05:30:     at process.processTicksAndRejections (node:internal/process/task_queues:90:21) {
2025-10-30 16:51 +05:30:   code: 'EADDRNOTAVAIL',
2025-10-30 16:51 +05:30:   errno: -4090,
2025-10-30 16:51 +05:30:   syscall: 'listen',
2025-10-30 16:51 +05:30:   address: '192.168.31.65',
2025-10-30 16:51 +05:30:   port: 5000
2025-10-30 16:51 +05:30: }
2025-10-30 16:51 +05:30: Ignoring invalid configuration option passed to Connection: acquireTimeout. This is currently a warning, but in future versions of MySQL2, an error will be thrown if you pass an invalid configuration option to a Connection
2025-10-30 16:51 +05:30: Ignoring invalid configuration option passed to Connection: timeout. This is currently a warning, but in future versions of MySQL2, an error will be thrown if you pass an invalid configuration option to a Connection
2025-10-30 16:51 +05:30: Ignoring invalid configuration option passed to Connection: reconnect. This is currently a warning, but in future versions of MySQL2, an error will be thrown if you pass an invalid configuration option to a Connection
2025-10-30 16:51 +05:30: Error: listen EADDRNOTAVAIL: address not available 192.168.31.65:5000
2025-10-30 16:51 +05:30:     at Server.setupListenHandle [as _listen2] (node:net:1917:21)
2025-10-30 16:51 +05:30:     at listenInCluster (node:net:1996:12)
2025-10-30 16:51 +05:30:     at node:net:2205:7
2025-10-30 16:51 +05:30:     at process.processTicksAndRejections (node:internal/process/task_queues:90:21) {
2025-10-30 16:51 +05:30:   code: 'EADDRNOTAVAIL',
2025-10-30 16:51 +05:30:   errno: -4090,
2025-10-30 16:51 +05:30:   syscall: 'listen',
2025-10-30 16:51 +05:30:   address: '192.168.31.65',
2025-10-30 16:51 +05:30:   port: 5000
2025-10-30 16:51 +05:30: }
2025-10-30 16:51 +05:30: Uncaught Exception: Error: listen EADDRNOTAVAIL: address not available 192.168.31.65:5000
2025-10-30 16:51 +05:30:     at Server.setupListenHandle [as _listen2] (node:net:1917:21)
2025-10-30 16:51 +05:30:     at listenInCluster (node:net:1996:12)
2025-10-30 16:51 +05:30:     at node:net:2205:7
2025-10-30 16:51 +05:30:     at process.processTicksAndRejections (node:internal/process/task_queues:90:21) {
2025-10-30 16:51 +05:30:   code: 'EADDRNOTAVAIL',
2025-10-30 16:51 +05:30:   errno: -4090,
2025-10-30 16:51 +05:30:   syscall: 'listen',
2025-10-30 16:51 +05:30:   address: '192.168.31.65',
2025-10-30 16:51 +05:30:   port: 5000
2025-10-30 16:51 +05:30: }
2025-10-30 16:51 +05:30: Ignoring invalid configuration option passed to Connection: acquireTimeout. This is currently a warning, but in future versions of MySQL2, an error will be thrown if you pass an invalid configuration option to a Connection
2025-10-30 16:51 +05:30: Ignoring invalid configuration option passed to Connection: timeout. This is currently a warning, but in future versions of MySQL2, an error will be thrown if you pass an invalid configuration option to a Connection
2025-10-30 16:51 +05:30: Ignoring invalid configuration option passed to Connection: reconnect. This is currently a warning, but in future versions of MySQL2, an error will be thrown if you pass an invalid configuration option to a Connection
2025-10-30 16:51 +05:30: Error: listen EADDRNOTAVAIL: address not available 192.168.31.65:5000
2025-10-30 16:51 +05:30:     at Server.setupListenHandle [as _listen2] (node:net:1917:21)
2025-10-30 16:51 +05:30:     at listenInCluster (node:net:1996:12)
2025-10-30 16:51 +05:30:     at node:net:2205:7
2025-10-30 16:51 +05:30:     at process.processTicksAndRejections (node:internal/process/task_queues:90:21) {
2025-10-30 16:51 +05:30:   code: 'EADDRNOTAVAIL',
2025-10-30 16:51 +05:30:   errno: -4090,
2025-10-30 16:51 +05:30:   syscall: 'listen',
2025-10-30 16:51 +05:30:   address: '192.168.31.65',
2025-10-30 16:51 +05:30:   port: 5000
2025-10-30 16:51 +05:30: }
2025-10-30 16:51 +05:30: Uncaught Exception: Error: listen EADDRNOTAVAIL: address not available 192.168.31.65:5000
2025-10-30 16:51 +05:30:     at Server.setupListenHandle [as _listen2] (node:net:1917:21)
2025-10-30 16:51 +05:30:     at listenInCluster (node:net:1996:12)
2025-10-30 16:51 +05:30:     at node:net:2205:7
2025-10-30 16:51 +05:30:     at process.processTicksAndRejections (node:internal/process/task_queues:90:21) {
2025-10-30 16:51 +05:30:   code: 'EADDRNOTAVAIL',
2025-10-30 16:51 +05:30:   errno: -4090,
2025-10-30 16:51 +05:30:   syscall: 'listen',
2025-10-30 16:51 +05:30:   address: '192.168.31.65',
2025-10-30 16:51 +05:30:   port: 5000
2025-10-30 16:51 +05:30: }
2025-10-30 16:51 +05:30: Ignoring invalid configuration option passed to Connection: acquireTimeout. This is currently a warning, but in future versions of MySQL2, an error will be thrown if you pass an invalid configuration option to a Connection
2025-10-30 16:51 +05:30: Ignoring invalid configuration option passed to Connection: timeout. This is currently a warning, but in future versions of MySQL2, an error will be thrown if you pass an invalid configuration option to a Connection
2025-10-30 16:51 +05:30: Ignoring invalid configuration option passed to Connection: reconnect. This is currently a warning, but in future versions of MySQL2, an error will be thrown if you pass an invalid configuration option to a Connection
2025-10-30 16:51 +05:30: Error: listen EADDRNOTAVAIL: address not available 192.168.31.65:5000
2025-10-30 16:51 +05:30:     at Server.setupListenHandle [as _listen2] (node:net:1917:21)
2025-10-30 16:51 +05:30:     at listenInCluster (node:net:1996:12)
2025-10-30 16:51 +05:30:     at node:net:2205:7
2025-10-30 16:51 +05:30:     at process.processTicksAndRejections (node:internal/process/task_queues:90:21) {
2025-10-30 16:51 +05:30:   code: 'EADDRNOTAVAIL',
2025-10-30 16:51 +05:30:   errno: -4090,
2025-10-30 16:51 +05:30:   syscall: 'listen',
2025-10-30 16:51 +05:30:   address: '192.168.31.65',
2025-10-30 16:51 +05:30:   port: 5000
2025-10-30 16:51 +05:30: }
2025-10-30 16:51 +05:30: Uncaught Exception: Error: listen EADDRNOTAVAIL: address not available 192.168.31.65:5000
2025-10-30 16:51 +05:30:     at Server.setupListenHandle [as _listen2] (node:net:1917:21)
2025-10-30 16:51 +05:30:     at listenInCluster (node:net:1996:12)
2025-10-30 16:51 +05:30:     at node:net:2205:7
2025-10-30 16:51 +05:30:     at process.processTicksAndRejections (node:internal/process/task_queues:90:21) {
2025-10-30 16:51 +05:30:   code: 'EADDRNOTAVAIL',
2025-10-30 16:51 +05:30:   errno: -4090,
2025-10-30 16:51 +05:30:   syscall: 'listen',
2025-10-30 16:51 +05:30:   address: '192.168.31.65',
2025-10-30 16:51 +05:30:   port: 5000
2025-10-30 16:51 +05:30: }
2025-10-30 16:51 +05:30: Ignoring invalid configuration option passed to Connection: acquireTimeout. This is currently a warning, but in future versions of MySQL2, an error will be thrown if you pass an invalid configuration option to a Connection
2025-10-30 16:51 +05:30: Ignoring invalid configuration option passed to Connection: timeout. This is currently a warning, but in future versions of MySQL2, an error will be thrown if you pass an invalid configuration option to a Connection
2025-10-30 16:51 +05:30: Ignoring invalid configuration option passed to Connection: reconnect. This is currently a warning, but in future versions of MySQL2, an error will be thrown if you pass an invalid configuration option to a Connection
2025-10-30 16:51 +05:30: Error: listen EADDRNOTAVAIL: address not available 192.168.31.65:5000
2025-10-30 16:51 +05:30:     at Server.setupListenHandle [as _listen2] (node:net:1917:21)
2025-10-30 16:51 +05:30:     at listenInCluster (node:net:1996:12)
2025-10-30 16:51 +05:30:     at node:net:2205:7
2025-10-30 16:51 +05:30:     at process.processTicksAndRejections (node:internal/process/task_queues:90:21) {
2025-10-30 16:51 +05:30:   code: 'EADDRNOTAVAIL',
2025-10-30 16:51 +05:30:   errno: -4090,
2025-10-30 16:51 +05:30:   syscall: 'listen',
2025-10-30 16:51 +05:30:   address: '192.168.31.65',
2025-10-30 16:51 +05:30:   port: 5000
2025-10-30 16:51 +05:30: }
2025-10-30 16:51 +05:30: Uncaught Exception: Error: listen EADDRNOTAVAIL: address not available 192.168.31.65:5000
2025-10-30 16:51 +05:30:     at Server.setupListenHandle [as _listen2] (node:net:1917:21)
2025-10-30 16:51 +05:30:     at listenInCluster (node:net:1996:12)
2025-10-30 16:51 +05:30:     at node:net:2205:7
2025-10-30 16:51 +05:30:     at process.processTicksAndRejections (node:internal/process/task_queues:90:21) {
2025-10-30 16:51 +05:30:   code: 'EADDRNOTAVAIL',
2025-10-30 16:51 +05:30:   errno: -4090,
2025-10-30 16:51 +05:30:   syscall: 'listen',
2025-10-30 16:51 +05:30:   address: '192.168.31.65',
2025-10-30 16:51 +05:30:   port: 5000
2025-10-30 16:51 +05:30: }
2025-10-30 16:51 +05:30: Ignoring invalid configuration option passed to Connection: acquireTimeout. This is currently a warning, but in future versions of MySQL2, an error will be thrown if you pass an invalid configuration option to a Connection
2025-10-30 16:51 +05:30: Ignoring invalid configuration option passed to Connection: timeout. This is currently a warning, but in future versions of MySQL2, an error will be thrown if you pass an invalid configuration option to a Connection
2025-10-30 16:51 +05:30: Ignoring invalid configuration option passed to Connection: reconnect. This is currently a warning, but in future versions of MySQL2, an error will be thrown if you pass an invalid configuration option to a Connection
2025-10-30 16:51 +05:30: Error: listen EADDRNOTAVAIL: address not available 192.168.31.65:5000
2025-10-30 16:51 +05:30:     at Server.setupListenHandle [as _listen2] (node:net:1917:21)
2025-10-30 16:51 +05:30:     at listenInCluster (node:net:1996:12)
2025-10-30 16:51 +05:30:     at node:net:2205:7
2025-10-30 16:51 +05:30:     at process.processTicksAndRejections (node:internal/process/task_queues:90:21) {
2025-10-30 16:51 +05:30:   code: 'EADDRNOTAVAIL',
2025-10-30 16:51 +05:30:   errno: -4090,
2025-10-30 16:51 +05:30:   syscall: 'listen',
2025-10-30 16:51 +05:30:   address: '192.168.31.65',
2025-10-30 16:51 +05:30:   port: 5000
2025-10-30 16:51 +05:30: }
2025-10-30 16:51 +05:30: Uncaught Exception: Error: listen EADDRNOTAVAIL: address not available 192.168.31.65:5000
2025-10-30 16:51 +05:30:     at Server.setupListenHandle [as _listen2] (node:net:1917:21)
2025-10-30 16:51 +05:30:     at listenInCluster (node:net:1996:12)
2025-10-30 16:51 +05:30:     at node:net:2205:7
2025-10-30 16:51 +05:30:     at process.processTicksAndRejections (node:internal/process/task_queues:90:21) {
2025-10-30 16:51 +05:30:   code: 'EADDRNOTAVAIL',
2025-10-30 16:51 +05:30:   errno: -4090,
2025-10-30 16:51 +05:30:   syscall: 'listen',
2025-10-30 16:51 +05:30:   address: '192.168.31.65',
2025-10-30 16:51 +05:30:   port: 5000
2025-10-30 16:51 +05:30: }
2025-10-30 16:53 +05:30: Ignoring invalid configuration option passed to Connection: acquireTimeout. This is currently a warning, but in future versions of MySQL2, an error will be thrown if you pass an invalid configuration option to a Connection
2025-10-30 16:53 +05:30: Ignoring invalid configuration option passed to Connection: timeout. This is currently a warning, but in future versions of MySQL2, an error will be thrown if you pass an invalid configuration option to a Connection
2025-10-30 16:53 +05:30: Ignoring invalid configuration option passed to Connection: reconnect. This is currently a warning, but in future versions of MySQL2, an error will be thrown if you pass an invalid configuration option to a Connection
2025-10-30 16:55 +05:30: Ignoring invalid configuration option passed to Connection: acquireTimeout. This is currently a warning, but in future versions of MySQL2, an error will be thrown if you pass an invalid configuration option to a Connection
2025-10-30 16:55 +05:30: Ignoring invalid configuration option passed to Connection: timeout. This is currently a warning, but in future versions of MySQL2, an error will be thrown if you pass an invalid configuration option to a Connection
2025-10-30 16:55 +05:30: Ignoring invalid configuration option passed to Connection: reconnect. This is currently a warning, but in future versions of MySQL2, an error will be thrown if you pass an invalid configuration option to a Connection
2025-10-30 16:55 +05:30: Error: listen EADDRNOTAVAIL: address not available 192.168.31.65:5000
2025-10-30 16:55 +05:30:     at Server.setupListenHandle [as _listen2] (node:net:1917:21)
2025-10-30 16:55 +05:30:     at listenInCluster (node:net:1996:12)
2025-10-30 16:55 +05:30:     at node:net:2205:7
2025-10-30 16:55 +05:30:     at process.processTicksAndRejections (node:internal/process/task_queues:90:21) {
2025-10-30 16:55 +05:30:   code: 'EADDRNOTAVAIL',
2025-10-30 16:55 +05:30:   errno: -4090,
2025-10-30 16:55 +05:30:   syscall: 'listen',
2025-10-30 16:55 +05:30:   address: '192.168.31.65',
2025-10-30 16:55 +05:30:   port: 5000
2025-10-30 16:55 +05:30: }
2025-10-30 16:55 +05:30: Uncaught Exception: Error: listen EADDRNOTAVAIL: address not available 192.168.31.65:5000
2025-10-30 16:55 +05:30:     at Server.setupListenHandle [as _listen2] (node:net:1917:21)
2025-10-30 16:55 +05:30:     at listenInCluster (node:net:1996:12)
2025-10-30 16:55 +05:30:     at node:net:2205:7
2025-10-30 16:55 +05:30:     at process.processTicksAndRejections (node:internal/process/task_queues:90:21) {
2025-10-30 16:55 +05:30:   code: 'EADDRNOTAVAIL',
2025-10-30 16:55 +05:30:   errno: -4090,
2025-10-30 16:55 +05:30:   syscall: 'listen',
2025-10-30 16:55 +05:30:   address: '192.168.31.65',
2025-10-30 16:55 +05:30:   port: 5000
2025-10-30 16:55 +05:30: }
2025-10-30 16:55 +05:30: Ignoring invalid configuration option passed to Connection: acquireTimeout. This is currently a warning, but in future versions of MySQL2, an error will be thrown if you pass an invalid configuration option to a Connection
2025-10-30 16:55 +05:30: Ignoring invalid configuration option passed to Connection: timeout. This is currently a warning, but in future versions of MySQL2, an error will be thrown if you pass an invalid configuration option to a Connection
2025-10-30 16:55 +05:30: Ignoring invalid configuration option passed to Connection: reconnect. This is currently a warning, but in future versions of MySQL2, an error will be thrown if you pass an invalid configuration option to a Connection
2025-10-30 16:55 +05:30: Error: listen EADDRNOTAVAIL: address not available 192.168.31.65:5000
2025-10-30 16:55 +05:30:     at Server.setupListenHandle [as _listen2] (node:net:1917:21)
2025-10-30 16:55 +05:30:     at listenInCluster (node:net:1996:12)
2025-10-30 16:55 +05:30:     at node:net:2205:7
2025-10-30 16:55 +05:30:     at process.processTicksAndRejections (node:internal/process/task_queues:90:21) {
2025-10-30 16:55 +05:30:   code: 'EADDRNOTAVAIL',
2025-10-30 16:55 +05:30:   errno: -4090,
2025-10-30 16:55 +05:30:   syscall: 'listen',
2025-10-30 16:55 +05:30:   address: '192.168.31.65',
2025-10-30 16:55 +05:30:   port: 5000
2025-10-30 16:55 +05:30: }
2025-10-30 16:55 +05:30: Uncaught Exception: Error: listen EADDRNOTAVAIL: address not available 192.168.31.65:5000
2025-10-30 16:55 +05:30:     at Server.setupListenHandle [as _listen2] (node:net:1917:21)
2025-10-30 16:55 +05:30:     at listenInCluster (node:net:1996:12)
2025-10-30 16:55 +05:30:     at node:net:2205:7
2025-10-30 16:55 +05:30:     at process.processTicksAndRejections (node:internal/process/task_queues:90:21) {
2025-10-30 16:55 +05:30:   code: 'EADDRNOTAVAIL',
2025-10-30 16:55 +05:30:   errno: -4090,
2025-10-30 16:55 +05:30:   syscall: 'listen',
2025-10-30 16:55 +05:30:   address: '192.168.31.65',
2025-10-30 16:55 +05:30:   port: 5000
2025-10-30 16:55 +05:30: }
2025-10-30 16:55 +05:30: Ignoring invalid configuration option passed to Connection: acquireTimeout. This is currently a warning, but in future versions of MySQL2, an error will be thrown if you pass an invalid configuration option to a Connection
2025-10-30 16:55 +05:30: Ignoring invalid configuration option passed to Connection: timeout. This is currently a warning, but in future versions of MySQL2, an error will be thrown if you pass an invalid configuration option to a Connection
2025-10-30 16:55 +05:30: Ignoring invalid configuration option passed to Connection: reconnect. This is currently a warning, but in future versions of MySQL2, an error will be thrown if you pass an invalid configuration option to a Connection
2025-10-30 16:55 +05:30: Error: listen EADDRNOTAVAIL: address not available 192.168.31.65:5000
2025-10-30 16:55 +05:30:     at Server.setupListenHandle [as _listen2] (node:net:1917:21)
2025-10-30 16:55 +05:30:     at listenInCluster (node:net:1996:12)
2025-10-30 16:55 +05:30:     at node:net:2205:7
2025-10-30 16:55 +05:30:     at process.processTicksAndRejections (node:internal/process/task_queues:90:21) {
2025-10-30 16:55 +05:30:   code: 'EADDRNOTAVAIL',
2025-10-30 16:55 +05:30:   errno: -4090,
2025-10-30 16:55 +05:30:   syscall: 'listen',
2025-10-30 16:55 +05:30:   address: '192.168.31.65',
2025-10-30 16:55 +05:30:   port: 5000
2025-10-30 16:55 +05:30: }
2025-10-30 16:55 +05:30: Uncaught Exception: Error: listen EADDRNOTAVAIL: address not available 192.168.31.65:5000
2025-10-30 16:55 +05:30:     at Server.setupListenHandle [as _listen2] (node:net:1917:21)
2025-10-30 16:55 +05:30:     at listenInCluster (node:net:1996:12)
2025-10-30 16:55 +05:30:     at node:net:2205:7
2025-10-30 16:55 +05:30:     at process.processTicksAndRejections (node:internal/process/task_queues:90:21) {
2025-10-30 16:55 +05:30:   code: 'EADDRNOTAVAIL',
2025-10-30 16:55 +05:30:   errno: -4090,
2025-10-30 16:55 +05:30:   syscall: 'listen',
2025-10-30 16:55 +05:30:   address: '192.168.31.65',
2025-10-30 16:55 +05:30:   port: 5000
2025-10-30 16:55 +05:30: }
2025-10-30 16:55 +05:30: Ignoring invalid configuration option passed to Connection: acquireTimeout. This is currently a warning, but in future versions of MySQL2, an error will be thrown if you pass an invalid configuration option to a Connection
2025-10-30 16:55 +05:30: Ignoring invalid configuration option passed to Connection: timeout. This is currently a warning, but in future versions of MySQL2, an error will be thrown if you pass an invalid configuration option to a Connection
2025-10-30 16:55 +05:30: Ignoring invalid configuration option passed to Connection: reconnect. This is currently a warning, but in future versions of MySQL2, an error will be thrown if you pass an invalid configuration option to a Connection
2025-10-30 16:55 +05:30: Error: listen EADDRNOTAVAIL: address not available 192.168.31.65:5000
2025-10-30 16:55 +05:30:     at Server.setupListenHandle [as _listen2] (node:net:1917:21)
2025-10-30 16:55 +05:30:     at listenInCluster (node:net:1996:12)
2025-10-30 16:55 +05:30:     at node:net:2205:7
2025-10-30 16:55 +05:30:     at process.processTicksAndRejections (node:internal/process/task_queues:90:21) {
2025-10-30 16:55 +05:30:   code: 'EADDRNOTAVAIL',
2025-10-30 16:55 +05:30:   errno: -4090,
2025-10-30 16:55 +05:30:   syscall: 'listen',
2025-10-30 16:55 +05:30:   address: '192.168.31.65',
2025-10-30 16:55 +05:30:   port: 5000
2025-10-30 16:55 +05:30: }
2025-10-30 16:55 +05:30: Uncaught Exception: Error: listen EADDRNOTAVAIL: address not available 192.168.31.65:5000
2025-10-30 16:55 +05:30:     at Server.setupListenHandle [as _listen2] (node:net:1917:21)
2025-10-30 16:55 +05:30:     at listenInCluster (node:net:1996:12)
2025-10-30 16:55 +05:30:     at node:net:2205:7
2025-10-30 16:55 +05:30:     at process.processTicksAndRejections (node:internal/process/task_queues:90:21) {
2025-10-30 16:55 +05:30:   code: 'EADDRNOTAVAIL',
2025-10-30 16:55 +05:30:   errno: -4090,
2025-10-30 16:55 +05:30:   syscall: 'listen',
2025-10-30 16:55 +05:30:   address: '192.168.31.65',
2025-10-30 16:55 +05:30:   port: 5000
2025-10-30 16:55 +05:30: }
2025-10-30 16:55 +05:30: Ignoring invalid configuration option passed to Connection: acquireTimeout. This is currently a warning, but in future versions of MySQL2, an error will be thrown if you pass an invalid configuration option to a Connection
2025-10-30 16:55 +05:30: Ignoring invalid configuration option passed to Connection: timeout. This is currently a warning, but in future versions of MySQL2, an error will be thrown if you pass an invalid configuration option to a Connection
2025-10-30 16:55 +05:30: Ignoring invalid configuration option passed to Connection: reconnect. This is currently a warning, but in future versions of MySQL2, an error will be thrown if you pass an invalid configuration option to a Connection
2025-10-30 16:55 +05:30: Error: listen EADDRNOTAVAIL: address not available 192.168.31.65:5000
2025-10-30 16:55 +05:30:     at Server.setupListenHandle [as _listen2] (node:net:1917:21)
2025-10-30 16:55 +05:30:     at listenInCluster (node:net:1996:12)
2025-10-30 16:55 +05:30:     at node:net:2205:7
2025-10-30 16:55 +05:30:     at process.processTicksAndRejections (node:internal/process/task_queues:90:21) {
2025-10-30 16:55 +05:30:   code: 'EADDRNOTAVAIL',
2025-10-30 16:55 +05:30:   errno: -4090,
2025-10-30 16:55 +05:30:   syscall: 'listen',
2025-10-30 16:55 +05:30:   address: '192.168.31.65',
2025-10-30 16:55 +05:30:   port: 5000
2025-10-30 16:55 +05:30: }
2025-10-30 16:55 +05:30: Uncaught Exception: Error: listen EADDRNOTAVAIL: address not available 192.168.31.65:5000
2025-10-30 16:55 +05:30:     at Server.setupListenHandle [as _listen2] (node:net:1917:21)
2025-10-30 16:55 +05:30:     at listenInCluster (node:net:1996:12)
2025-10-30 16:55 +05:30:     at node:net:2205:7
2025-10-30 16:55 +05:30:     at process.processTicksAndRejections (node:internal/process/task_queues:90:21) {
2025-10-30 16:55 +05:30:   code: 'EADDRNOTAVAIL',
2025-10-30 16:55 +05:30:   errno: -4090,
2025-10-30 16:55 +05:30:   syscall: 'listen',
2025-10-30 16:55 +05:30:   address: '192.168.31.65',
2025-10-30 16:55 +05:30:   port: 5000
2025-10-30 16:55 +05:30: }
2025-10-30 16:55 +05:30: Ignoring invalid configuration option passed to Connection: acquireTimeout. This is currently a warning, but in future versions of MySQL2, an error will be thrown if you pass an invalid configuration option to a Connection
2025-10-30 16:55 +05:30: Ignoring invalid configuration option passed to Connection: timeout. This is currently a warning, but in future versions of MySQL2, an error will be thrown if you pass an invalid configuration option to a Connection
2025-10-30 16:55 +05:30: Ignoring invalid configuration option passed to Connection: reconnect. This is currently a warning, but in future versions of MySQL2, an error will be thrown if you pass an invalid configuration option to a Connection
2025-10-30 16:55 +05:30: Error: listen EADDRNOTAVAIL: address not available 192.168.31.65:5000
2025-10-30 16:55 +05:30:     at Server.setupListenHandle [as _listen2] (node:net:1917:21)
2025-10-30 16:55 +05:30:     at listenInCluster (node:net:1996:12)
2025-10-30 16:55 +05:30:     at node:net:2205:7
2025-10-30 16:55 +05:30:     at process.processTicksAndRejections (node:internal/process/task_queues:90:21) {
2025-10-30 16:55 +05:30:   code: 'EADDRNOTAVAIL',
2025-10-30 16:55 +05:30:   errno: -4090,
2025-10-30 16:55 +05:30:   syscall: 'listen',
2025-10-30 16:55 +05:30:   address: '192.168.31.65',
2025-10-30 16:55 +05:30:   port: 5000
2025-10-30 16:55 +05:30: }
2025-10-30 16:55 +05:30: Uncaught Exception: Error: listen EADDRNOTAVAIL: address not available 192.168.31.65:5000
2025-10-30 16:55 +05:30:     at Server.setupListenHandle [as _listen2] (node:net:1917:21)
2025-10-30 16:55 +05:30:     at listenInCluster (node:net:1996:12)
2025-10-30 16:55 +05:30:     at node:net:2205:7
2025-10-30 16:55 +05:30:     at process.processTicksAndRejections (node:internal/process/task_queues:90:21) {
2025-10-30 16:55 +05:30:   code: 'EADDRNOTAVAIL',
2025-10-30 16:55 +05:30:   errno: -4090,
2025-10-30 16:55 +05:30:   syscall: 'listen',
2025-10-30 16:55 +05:30:   address: '192.168.31.65',
2025-10-30 16:55 +05:30:   port: 5000
2025-10-30 16:55 +05:30: }
2025-10-30 16:55 +05:30: Ignoring invalid configuration option passed to Connection: acquireTimeout. This is currently a warning, but in future versions of MySQL2, an error will be thrown if you pass an invalid configuration option to a Connection
2025-10-30 16:55 +05:30: Ignoring invalid configuration option passed to Connection: timeout. This is currently a warning, but in future versions of MySQL2, an error will be thrown if you pass an invalid configuration option to a Connection
2025-10-30 16:55 +05:30: Ignoring invalid configuration option passed to Connection: reconnect. This is currently a warning, but in future versions of MySQL2, an error will be thrown if you pass an invalid configuration option to a Connection
2025-10-30 16:55 +05:30: Error: listen EADDRNOTAVAIL: address not available 192.168.31.65:5000
2025-10-30 16:55 +05:30:     at Server.setupListenHandle [as _listen2] (node:net:1917:21)
2025-10-30 16:55 +05:30:     at listenInCluster (node:net:1996:12)
2025-10-30 16:55 +05:30:     at node:net:2205:7
2025-10-30 16:55 +05:30:     at process.processTicksAndRejections (node:internal/process/task_queues:90:21) {
2025-10-30 16:55 +05:30:   code: 'EADDRNOTAVAIL',
2025-10-30 16:55 +05:30:   errno: -4090,
2025-10-30 16:55 +05:30:   syscall: 'listen',
2025-10-30 16:55 +05:30:   address: '192.168.31.65',
2025-10-30 16:55 +05:30:   port: 5000
2025-10-30 16:55 +05:30: }
2025-10-30 16:55 +05:30: Uncaught Exception: Error: listen EADDRNOTAVAIL: address not available 192.168.31.65:5000
2025-10-30 16:55 +05:30:     at Server.setupListenHandle [as _listen2] (node:net:1917:21)
2025-10-30 16:55 +05:30:     at listenInCluster (node:net:1996:12)
2025-10-30 16:55 +05:30:     at node:net:2205:7
2025-10-30 16:55 +05:30:     at process.processTicksAndRejections (node:internal/process/task_queues:90:21) {
2025-10-30 16:55 +05:30:   code: 'EADDRNOTAVAIL',
2025-10-30 16:55 +05:30:   errno: -4090,
2025-10-30 16:55 +05:30:   syscall: 'listen',
2025-10-30 16:55 +05:30:   address: '192.168.31.65',
2025-10-30 16:55 +05:30:   port: 5000
2025-10-30 16:55 +05:30: }
2025-10-30 16:55 +05:30: Ignoring invalid configuration option passed to Connection: acquireTimeout. This is currently a warning, but in future versions of MySQL2, an error will be thrown if you pass an invalid configuration option to a Connection
2025-10-30 16:55 +05:30: Ignoring invalid configuration option passed to Connection: timeout. This is currently a warning, but in future versions of MySQL2, an error will be thrown if you pass an invalid configuration option to a Connection
2025-10-30 16:55 +05:30: Ignoring invalid configuration option passed to Connection: reconnect. This is currently a warning, but in future versions of MySQL2, an error will be thrown if you pass an invalid configuration option to a Connection
2025-10-30 16:55 +05:30: Error: listen EADDRNOTAVAIL: address not available 192.168.31.65:5000
2025-10-30 16:55 +05:30:     at Server.setupListenHandle [as _listen2] (node:net:1917:21)
2025-10-30 16:55 +05:30:     at listenInCluster (node:net:1996:12)
2025-10-30 16:55 +05:30:     at node:net:2205:7
2025-10-30 16:55 +05:30:     at process.processTicksAndRejections (node:internal/process/task_queues:90:21) {
2025-10-30 16:55 +05:30:   code: 'EADDRNOTAVAIL',
2025-10-30 16:55 +05:30:   errno: -4090,
2025-10-30 16:55 +05:30:   syscall: 'listen',
2025-10-30 16:55 +05:30:   address: '192.168.31.65',
2025-10-30 16:55 +05:30:   port: 5000
2025-10-30 16:55 +05:30: }
2025-10-30 16:55 +05:30: Uncaught Exception: Error: listen EADDRNOTAVAIL: address not available 192.168.31.65:5000
2025-10-30 16:55 +05:30:     at Server.setupListenHandle [as _listen2] (node:net:1917:21)
2025-10-30 16:55 +05:30:     at listenInCluster (node:net:1996:12)
2025-10-30 16:55 +05:30:     at node:net:2205:7
2025-10-30 16:55 +05:30:     at process.processTicksAndRejections (node:internal/process/task_queues:90:21) {
2025-10-30 16:55 +05:30:   code: 'EADDRNOTAVAIL',
2025-10-30 16:55 +05:30:   errno: -4090,
2025-10-30 16:55 +05:30:   syscall: 'listen',
2025-10-30 16:55 +05:30:   address: '192.168.31.65',
2025-10-30 16:55 +05:30:   port: 5000
2025-10-30 16:55 +05:30: }
2025-10-30 16:55 +05:30: Ignoring invalid configuration option passed to Connection: acquireTimeout. This is currently a warning, but in future versions of MySQL2, an error will be thrown if you pass an invalid configuration option to a Connection
2025-10-30 16:55 +05:30: Ignoring invalid configuration option passed to Connection: timeout. This is currently a warning, but in future versions of MySQL2, an error will be thrown if you pass an invalid configuration option to a Connection
2025-10-30 16:55 +05:30: Ignoring invalid configuration option passed to Connection: reconnect. This is currently a warning, but in future versions of MySQL2, an error will be thrown if you pass an invalid configuration option to a Connection
2025-10-30 16:55 +05:30: Error: listen EADDRNOTAVAIL: address not available 192.168.31.65:5000
2025-10-30 16:55 +05:30:     at Server.setupListenHandle [as _listen2] (node:net:1917:21)
2025-10-30 16:55 +05:30:     at listenInCluster (node:net:1996:12)
2025-10-30 16:55 +05:30:     at node:net:2205:7
2025-10-30 16:55 +05:30:     at process.processTicksAndRejections (node:internal/process/task_queues:90:21) {
2025-10-30 16:55 +05:30:   code: 'EADDRNOTAVAIL',
2025-10-30 16:55 +05:30:   errno: -4090,
2025-10-30 16:55 +05:30:   syscall: 'listen',
2025-10-30 16:55 +05:30:   address: '192.168.31.65',
2025-10-30 16:55 +05:30:   port: 5000
2025-10-30 16:55 +05:30: }
2025-10-30 16:55 +05:30: Uncaught Exception: Error: listen EADDRNOTAVAIL: address not available 192.168.31.65:5000
2025-10-30 16:55 +05:30:     at Server.setupListenHandle [as _listen2] (node:net:1917:21)
2025-10-30 16:55 +05:30:     at listenInCluster (node:net:1996:12)
2025-10-30 16:55 +05:30:     at node:net:2205:7
2025-10-30 16:55 +05:30:     at process.processTicksAndRejections (node:internal/process/task_queues:90:21) {
2025-10-30 16:55 +05:30:   code: 'EADDRNOTAVAIL',
2025-10-30 16:55 +05:30:   errno: -4090,
2025-10-30 16:55 +05:30:   syscall: 'listen',
2025-10-30 16:55 +05:30:   address: '192.168.31.65',
2025-10-30 16:55 +05:30:   port: 5000
2025-10-30 16:55 +05:30: }
2025-10-30 16:55 +05:30: Ignoring invalid configuration option passed to Connection: acquireTimeout. This is currently a warning, but in future versions of MySQL2, an error will be thrown if you pass an invalid configuration option to a Connection
2025-10-30 16:55 +05:30: Ignoring invalid configuration option passed to Connection: timeout. This is currently a warning, but in future versions of MySQL2, an error will be thrown if you pass an invalid configuration option to a Connection
2025-10-30 16:55 +05:30: Ignoring invalid configuration option passed to Connection: reconnect. This is currently a warning, but in future versions of MySQL2, an error will be thrown if you pass an invalid configuration option to a Connection
2025-10-30 16:56 +05:30: Error: listen EADDRNOTAVAIL: address not available 192.168.31.65:5000
2025-10-30 16:56 +05:30:     at Server.setupListenHandle [as _listen2] (node:net:1917:21)
2025-10-30 16:56 +05:30:     at listenInCluster (node:net:1996:12)
2025-10-30 16:56 +05:30:     at node:net:2205:7
2025-10-30 16:56 +05:30:     at process.processTicksAndRejections (node:internal/process/task_queues:90:21) {
2025-10-30 16:56 +05:30:   code: 'EADDRNOTAVAIL',
2025-10-30 16:56 +05:30:   errno: -4090,
2025-10-30 16:56 +05:30:   syscall: 'listen',
2025-10-30 16:56 +05:30:   address: '192.168.31.65',
2025-10-30 16:56 +05:30:   port: 5000
2025-10-30 16:56 +05:30: }
2025-10-30 16:56 +05:30: Uncaught Exception: Error: listen EADDRNOTAVAIL: address not available 192.168.31.65:5000
2025-10-30 16:56 +05:30:     at Server.setupListenHandle [as _listen2] (node:net:1917:21)
2025-10-30 16:56 +05:30:     at listenInCluster (node:net:1996:12)
2025-10-30 16:56 +05:30:     at node:net:2205:7
2025-10-30 16:56 +05:30:     at process.processTicksAndRejections (node:internal/process/task_queues:90:21) {
2025-10-30 16:56 +05:30:   code: 'EADDRNOTAVAIL',
2025-10-30 16:56 +05:30:   errno: -4090,
2025-10-30 16:56 +05:30:   syscall: 'listen',
2025-10-30 16:56 +05:30:   address: '192.168.31.65',
2025-10-30 16:56 +05:30:   port: 5000
2025-10-30 16:56 +05:30: }
2025-10-30 16:59 +05:30: Ignoring invalid configuration option passed to Connection: acquireTimeout. This is currently a warning, but in future versions of MySQL2, an error will be thrown if you pass an invalid configuration option to a Connection
2025-10-30 16:59 +05:30: Ignoring invalid configuration option passed to Connection: timeout. This is currently a warning, but in future versions of MySQL2, an error will be thrown if you pass an invalid configuration option to a Connection
2025-10-30 16:59 +05:30: Ignoring invalid configuration option passed to Connection: reconnect. This is currently a warning, but in future versions of MySQL2, an error will be thrown if you pass an invalid configuration option to a Connection
2025-10-30 16:59 +05:30: Error: listen EADDRNOTAVAIL: address not available 192.168.31.65:5000
2025-10-30 16:59 +05:30:     at Server.setupListenHandle [as _listen2] (node:net:1917:21)
2025-10-30 16:59 +05:30:     at listenInCluster (node:net:1996:12)
2025-10-30 16:59 +05:30:     at node:net:2205:7
2025-10-30 16:59 +05:30:     at process.processTicksAndRejections (node:internal/process/task_queues:90:21) {
2025-10-30 16:59 +05:30:   code: 'EADDRNOTAVAIL',
2025-10-30 16:59 +05:30:   errno: -4090,
2025-10-30 16:59 +05:30:   syscall: 'listen',
2025-10-30 16:59 +05:30:   address: '192.168.31.65',
2025-10-30 16:59 +05:30:   port: 5000
2025-10-30 16:59 +05:30: }
2025-10-30 16:59 +05:30: Uncaught Exception: Error: listen EADDRNOTAVAIL: address not available 192.168.31.65:5000
2025-10-30 16:59 +05:30:     at Server.setupListenHandle [as _listen2] (node:net:1917:21)
2025-10-30 16:59 +05:30:     at listenInCluster (node:net:1996:12)
2025-10-30 16:59 +05:30:     at node:net:2205:7
2025-10-30 16:59 +05:30:     at process.processTicksAndRejections (node:internal/process/task_queues:90:21) {
2025-10-30 16:59 +05:30:   code: 'EADDRNOTAVAIL',
2025-10-30 16:59 +05:30:   errno: -4090,
2025-10-30 16:59 +05:30:   syscall: 'listen',
2025-10-30 16:59 +05:30:   address: '192.168.31.65',
2025-10-30 16:59 +05:30:   port: 5000
2025-10-30 16:59 +05:30: }
2025-10-30 16:59 +05:30: Ignoring invalid configuration option passed to Connection: acquireTimeout. This is currently a warning, but in future versions of MySQL2, an error will be thrown if you pass an invalid configuration option to a Connection
2025-10-30 16:59 +05:30: Ignoring invalid configuration option passed to Connection: timeout. This is currently a warning, but in future versions of MySQL2, an error will be thrown if you pass an invalid configuration option to a Connection
2025-10-30 16:59 +05:30: Ignoring invalid configuration option passed to Connection: reconnect. This is currently a warning, but in future versions of MySQL2, an error will be thrown if you pass an invalid configuration option to a Connection
2025-10-30 16:59 +05:30: Error: listen EADDRNOTAVAIL: address not available 192.168.31.65:5000
2025-10-30 16:59 +05:30:     at Server.setupListenHandle [as _listen2] (node:net:1917:21)
2025-10-30 16:59 +05:30:     at listenInCluster (node:net:1996:12)
2025-10-30 16:59 +05:30:     at node:net:2205:7
2025-10-30 16:59 +05:30:     at process.processTicksAndRejections (node:internal/process/task_queues:90:21) {
2025-10-30 16:59 +05:30:   code: 'EADDRNOTAVAIL',
2025-10-30 16:59 +05:30:   errno: -4090,
2025-10-30 16:59 +05:30:   syscall: 'listen',
2025-10-30 16:59 +05:30:   address: '192.168.31.65',
2025-10-30 16:59 +05:30:   port: 5000
2025-10-30 16:59 +05:30: }
2025-10-30 16:59 +05:30: Uncaught Exception: Error: listen EADDRNOTAVAIL: address not available 192.168.31.65:5000
2025-10-30 16:59 +05:30:     at Server.setupListenHandle [as _listen2] (node:net:1917:21)
2025-10-30 16:59 +05:30:     at listenInCluster (node:net:1996:12)
2025-10-30 16:59 +05:30:     at node:net:2205:7
2025-10-30 16:59 +05:30:     at process.processTicksAndRejections (node:internal/process/task_queues:90:21) {
2025-10-30 16:59 +05:30:   code: 'EADDRNOTAVAIL',
2025-10-30 16:59 +05:30:   errno: -4090,
2025-10-30 16:59 +05:30:   syscall: 'listen',
2025-10-30 16:59 +05:30:   address: '192.168.31.65',
2025-10-30 16:59 +05:30:   port: 5000
2025-10-30 16:59 +05:30: }
2025-10-30 16:59 +05:30: Ignoring invalid configuration option passed to Connection: acquireTimeout. This is currently a warning, but in future versions of MySQL2, an error will be thrown if you pass an invalid configuration option to a Connection
2025-10-30 16:59 +05:30: Ignoring invalid configuration option passed to Connection: timeout. This is currently a warning, but in future versions of MySQL2, an error will be thrown if you pass an invalid configuration option to a Connection
2025-10-30 16:59 +05:30: Ignoring invalid configuration option passed to Connection: reconnect. This is currently a warning, but in future versions of MySQL2, an error will be thrown if you pass an invalid configuration option to a Connection
2025-10-30 16:59 +05:30: Error: listen EADDRNOTAVAIL: address not available 192.168.31.65:5000
2025-10-30 16:59 +05:30:     at Server.setupListenHandle [as _listen2] (node:net:1917:21)
2025-10-30 16:59 +05:30:     at listenInCluster (node:net:1996:12)
2025-10-30 16:59 +05:30:     at node:net:2205:7
2025-10-30 16:59 +05:30:     at process.processTicksAndRejections (node:internal/process/task_queues:90:21) {
2025-10-30 16:59 +05:30:   code: 'EADDRNOTAVAIL',
2025-10-30 16:59 +05:30:   errno: -4090,
2025-10-30 16:59 +05:30:   syscall: 'listen',
2025-10-30 16:59 +05:30:   address: '192.168.31.65',
2025-10-30 16:59 +05:30:   port: 5000
2025-10-30 16:59 +05:30: }
2025-10-30 16:59 +05:30: Uncaught Exception: Error: listen EADDRNOTAVAIL: address not available 192.168.31.65:5000
2025-10-30 16:59 +05:30:     at Server.setupListenHandle [as _listen2] (node:net:1917:21)
2025-10-30 16:59 +05:30:     at listenInCluster (node:net:1996:12)
2025-10-30 16:59 +05:30:     at node:net:2205:7
2025-10-30 16:59 +05:30:     at process.processTicksAndRejections (node:internal/process/task_queues:90:21) {
2025-10-30 16:59 +05:30:   code: 'EADDRNOTAVAIL',
2025-10-30 16:59 +05:30:   errno: -4090,
2025-10-30 16:59 +05:30:   syscall: 'listen',
2025-10-30 16:59 +05:30:   address: '192.168.31.65',
2025-10-30 16:59 +05:30:   port: 5000
2025-10-30 16:59 +05:30: }
2025-10-30 16:59 +05:30: Ignoring invalid configuration option passed to Connection: acquireTimeout. This is currently a warning, but in future versions of MySQL2, an error will be thrown if you pass an invalid configuration option to a Connection
2025-10-30 16:59 +05:30: Ignoring invalid configuration option passed to Connection: timeout. This is currently a warning, but in future versions of MySQL2, an error will be thrown if you pass an invalid configuration option to a Connection
2025-10-30 16:59 +05:30: Ignoring invalid configuration option passed to Connection: reconnect. This is currently a warning, but in future versions of MySQL2, an error will be thrown if you pass an invalid configuration option to a Connection
2025-10-30 16:59 +05:30: Error: listen EADDRNOTAVAIL: address not available 192.168.31.65:5000
2025-10-30 16:59 +05:30:     at Server.setupListenHandle [as _listen2] (node:net:1917:21)
2025-10-30 16:59 +05:30:     at listenInCluster (node:net:1996:12)
2025-10-30 16:59 +05:30:     at node:net:2205:7
2025-10-30 16:59 +05:30:     at process.processTicksAndRejections (node:internal/process/task_queues:90:21) {
2025-10-30 16:59 +05:30:   code: 'EADDRNOTAVAIL',
2025-10-30 16:59 +05:30:   errno: -4090,
2025-10-30 16:59 +05:30:   syscall: 'listen',
2025-10-30 16:59 +05:30:   address: '192.168.31.65',
2025-10-30 16:59 +05:30:   port: 5000
2025-10-30 16:59 +05:30: }
2025-10-30 16:59 +05:30: Uncaught Exception: Error: listen EADDRNOTAVAIL: address not available 192.168.31.65:5000
2025-10-30 16:59 +05:30:     at Server.setupListenHandle [as _listen2] (node:net:1917:21)
2025-10-30 16:59 +05:30:     at listenInCluster (node:net:1996:12)
2025-10-30 16:59 +05:30:     at node:net:2205:7
2025-10-30 16:59 +05:30:     at process.processTicksAndRejections (node:internal/process/task_queues:90:21) {
2025-10-30 16:59 +05:30:   code: 'EADDRNOTAVAIL',
2025-10-30 16:59 +05:30:   errno: -4090,
2025-10-30 16:59 +05:30:   syscall: 'listen',
2025-10-30 16:59 +05:30:   address: '192.168.31.65',
2025-10-30 16:59 +05:30:   port: 5000
2025-10-30 16:59 +05:30: }
2025-10-30 16:59 +05:30: Ignoring invalid configuration option passed to Connection: acquireTimeout. This is currently a warning, but in future versions of MySQL2, an error will be thrown if you pass an invalid configuration option to a Connection
2025-10-30 16:59 +05:30: Ignoring invalid configuration option passed to Connection: timeout. This is currently a warning, but in future versions of MySQL2, an error will be thrown if you pass an invalid configuration option to a Connection
2025-10-30 16:59 +05:30: Ignoring invalid configuration option passed to Connection: reconnect. This is currently a warning, but in future versions of MySQL2, an error will be thrown if you pass an invalid configuration option to a Connection
2025-10-30 16:59 +05:30: Error: listen EADDRNOTAVAIL: address not available 192.168.31.65:5000
2025-10-30 16:59 +05:30:     at Server.setupListenHandle [as _listen2] (node:net:1917:21)
2025-10-30 16:59 +05:30:     at listenInCluster (node:net:1996:12)
2025-10-30 16:59 +05:30:     at node:net:2205:7
2025-10-30 16:59 +05:30:     at process.processTicksAndRejections (node:internal/process/task_queues:90:21) {
2025-10-30 16:59 +05:30:   code: 'EADDRNOTAVAIL',
2025-10-30 16:59 +05:30:   errno: -4090,
2025-10-30 16:59 +05:30:   syscall: 'listen',
2025-10-30 16:59 +05:30:   address: '192.168.31.65',
2025-10-30 16:59 +05:30:   port: 5000
2025-10-30 16:59 +05:30: }
2025-10-30 16:59 +05:30: Uncaught Exception: Error: listen EADDRNOTAVAIL: address not available 192.168.31.65:5000
2025-10-30 16:59 +05:30:     at Server.setupListenHandle [as _listen2] (node:net:1917:21)
2025-10-30 16:59 +05:30:     at listenInCluster (node:net:1996:12)
2025-10-30 16:59 +05:30:     at node:net:2205:7
2025-10-30 16:59 +05:30:     at process.processTicksAndRejections (node:internal/process/task_queues:90:21) {
2025-10-30 16:59 +05:30:   code: 'EADDRNOTAVAIL',
2025-10-30 16:59 +05:30:   errno: -4090,
2025-10-30 16:59 +05:30:   syscall: 'listen',
2025-10-30 16:59 +05:30:   address: '192.168.31.65',
2025-10-30 16:59 +05:30:   port: 5000
2025-10-30 16:59 +05:30: }
2025-10-30 16:59 +05:30: Ignoring invalid configuration option passed to Connection: acquireTimeout. This is currently a warning, but in future versions of MySQL2, an error will be thrown if you pass an invalid configuration option to a Connection
2025-10-30 16:59 +05:30: Ignoring invalid configuration option passed to Connection: timeout. This is currently a warning, but in future versions of MySQL2, an error will be thrown if you pass an invalid configuration option to a Connection
2025-10-30 16:59 +05:30: Ignoring invalid configuration option passed to Connection: reconnect. This is currently a warning, but in future versions of MySQL2, an error will be thrown if you pass an invalid configuration option to a Connection
2025-10-30 16:59 +05:30: Error: listen EADDRNOTAVAIL: address not available 192.168.31.65:5000
2025-10-30 16:59 +05:30:     at Server.setupListenHandle [as _listen2] (node:net:1917:21)
2025-10-30 16:59 +05:30:     at listenInCluster (node:net:1996:12)
2025-10-30 16:59 +05:30:     at node:net:2205:7
2025-10-30 16:59 +05:30:     at process.processTicksAndRejections (node:internal/process/task_queues:90:21) {
2025-10-30 16:59 +05:30:   code: 'EADDRNOTAVAIL',
2025-10-30 16:59 +05:30:   errno: -4090,
2025-10-30 16:59 +05:30:   syscall: 'listen',
2025-10-30 16:59 +05:30:   address: '192.168.31.65',
2025-10-30 16:59 +05:30:   port: 5000
2025-10-30 16:59 +05:30: }
2025-10-30 16:59 +05:30: Uncaught Exception: Error: listen EADDRNOTAVAIL: address not available 192.168.31.65:5000
2025-10-30 16:59 +05:30:     at Server.setupListenHandle [as _listen2] (node:net:1917:21)
2025-10-30 16:59 +05:30:     at listenInCluster (node:net:1996:12)
2025-10-30 16:59 +05:30:     at node:net:2205:7
2025-10-30 16:59 +05:30:     at process.processTicksAndRejections (node:internal/process/task_queues:90:21) {
2025-10-30 16:59 +05:30:   code: 'EADDRNOTAVAIL',
2025-10-30 16:59 +05:30:   errno: -4090,
2025-10-30 16:59 +05:30:   syscall: 'listen',
2025-10-30 16:59 +05:30:   address: '192.168.31.65',
2025-10-30 16:59 +05:30:   port: 5000
2025-10-30 16:59 +05:30: }
2025-10-30 16:59 +05:30: Ignoring invalid configuration option passed to Connection: acquireTimeout. This is currently a warning, but in future versions of MySQL2, an error will be thrown if you pass an invalid configuration option to a Connection
2025-10-30 16:59 +05:30: Ignoring invalid configuration option passed to Connection: timeout. This is currently a warning, but in future versions of MySQL2, an error will be thrown if you pass an invalid configuration option to a Connection
2025-10-30 16:59 +05:30: Ignoring invalid configuration option passed to Connection: reconnect. This is currently a warning, but in future versions of MySQL2, an error will be thrown if you pass an invalid configuration option to a Connection
2025-10-30 16:59 +05:30: Error: listen EADDRNOTAVAIL: address not available 192.168.31.65:5000
2025-10-30 16:59 +05:30:     at Server.setupListenHandle [as _listen2] (node:net:1917:21)
2025-10-30 16:59 +05:30:     at listenInCluster (node:net:1996:12)
2025-10-30 16:59 +05:30:     at node:net:2205:7
2025-10-30 16:59 +05:30:     at process.processTicksAndRejections (node:internal/process/task_queues:90:21) {
2025-10-30 16:59 +05:30:   code: 'EADDRNOTAVAIL',
2025-10-30 16:59 +05:30:   errno: -4090,
2025-10-30 16:59 +05:30:   syscall: 'listen',
2025-10-30 16:59 +05:30:   address: '192.168.31.65',
2025-10-30 16:59 +05:30:   port: 5000
2025-10-30 16:59 +05:30: }
2025-10-30 16:59 +05:30: Uncaught Exception: Error: listen EADDRNOTAVAIL: address not available 192.168.31.65:5000
2025-10-30 16:59 +05:30:     at Server.setupListenHandle [as _listen2] (node:net:1917:21)
2025-10-30 16:59 +05:30:     at listenInCluster (node:net:1996:12)
2025-10-30 16:59 +05:30:     at node:net:2205:7
2025-10-30 16:59 +05:30:     at process.processTicksAndRejections (node:internal/process/task_queues:90:21) {
2025-10-30 16:59 +05:30:   code: 'EADDRNOTAVAIL',
2025-10-30 16:59 +05:30:   errno: -4090,
2025-10-30 16:59 +05:30:   syscall: 'listen',
2025-10-30 16:59 +05:30:   address: '192.168.31.65',
2025-10-30 16:59 +05:30:   port: 5000
2025-10-30 16:59 +05:30: }
2025-10-30 16:59 +05:30: Ignoring invalid configuration option passed to Connection: acquireTimeout. This is currently a warning, but in future versions of MySQL2, an error will be thrown if you pass an invalid configuration option to a Connection
2025-10-30 16:59 +05:30: Ignoring invalid configuration option passed to Connection: timeout. This is currently a warning, but in future versions of MySQL2, an error will be thrown if you pass an invalid configuration option to a Connection
2025-10-30 16:59 +05:30: Ignoring invalid configuration option passed to Connection: reconnect. This is currently a warning, but in future versions of MySQL2, an error will be thrown if you pass an invalid configuration option to a Connection
2025-10-30 16:59 +05:30: Error: listen EADDRNOTAVAIL: address not available 192.168.31.65:5000
2025-10-30 16:59 +05:30:     at Server.setupListenHandle [as _listen2] (node:net:1917:21)
2025-10-30 16:59 +05:30:     at listenInCluster (node:net:1996:12)
2025-10-30 16:59 +05:30:     at node:net:2205:7
2025-10-30 16:59 +05:30:     at process.processTicksAndRejections (node:internal/process/task_queues:90:21) {
2025-10-30 16:59 +05:30:   code: 'EADDRNOTAVAIL',
2025-10-30 16:59 +05:30:   errno: -4090,
2025-10-30 16:59 +05:30:   syscall: 'listen',
2025-10-30 16:59 +05:30:   address: '192.168.31.65',
2025-10-30 16:59 +05:30:   port: 5000
2025-10-30 16:59 +05:30: }
2025-10-30 16:59 +05:30: Uncaught Exception: Error: listen EADDRNOTAVAIL: address not available 192.168.31.65:5000
2025-10-30 16:59 +05:30:     at Server.setupListenHandle [as _listen2] (node:net:1917:21)
2025-10-30 16:59 +05:30:     at listenInCluster (node:net:1996:12)
2025-10-30 16:59 +05:30:     at node:net:2205:7
2025-10-30 16:59 +05:30:     at process.processTicksAndRejections (node:internal/process/task_queues:90:21) {
2025-10-30 16:59 +05:30:   code: 'EADDRNOTAVAIL',
2025-10-30 16:59 +05:30:   errno: -4090,
2025-10-30 16:59 +05:30:   syscall: 'listen',
2025-10-30 16:59 +05:30:   address: '192.168.31.65',
2025-10-30 16:59 +05:30:   port: 5000
2025-10-30 16:59 +05:30: }
2025-10-30 16:59 +05:30: Ignoring invalid configuration option passed to Connection: acquireTimeout. This is currently a warning, but in future versions of MySQL2, an error will be thrown if you pass an invalid configuration option to a Connection
2025-10-30 16:59 +05:30: Ignoring invalid configuration option passed to Connection: timeout. This is currently a warning, but in future versions of MySQL2, an error will be thrown if you pass an invalid configuration option to a Connection
2025-10-30 16:59 +05:30: Ignoring invalid configuration option passed to Connection: reconnect. This is currently a warning, but in future versions of MySQL2, an error will be thrown if you pass an invalid configuration option to a Connection
2025-10-30 16:59 +05:30: Error: listen EADDRNOTAVAIL: address not available 192.168.31.65:5000
2025-10-30 16:59 +05:30:     at Server.setupListenHandle [as _listen2] (node:net:1917:21)
2025-10-30 16:59 +05:30:     at listenInCluster (node:net:1996:12)
2025-10-30 16:59 +05:30:     at node:net:2205:7
2025-10-30 16:59 +05:30:     at process.processTicksAndRejections (node:internal/process/task_queues:90:21) {
2025-10-30 16:59 +05:30:   code: 'EADDRNOTAVAIL',
2025-10-30 16:59 +05:30:   errno: -4090,
2025-10-30 16:59 +05:30:   syscall: 'listen',
2025-10-30 16:59 +05:30:   address: '192.168.31.65',
2025-10-30 16:59 +05:30:   port: 5000
2025-10-30 16:59 +05:30: }
2025-10-30 16:59 +05:30: Uncaught Exception: Error: listen EADDRNOTAVAIL: address not available 192.168.31.65:5000
2025-10-30 16:59 +05:30:     at Server.setupListenHandle [as _listen2] (node:net:1917:21)
2025-10-30 16:59 +05:30:     at listenInCluster (node:net:1996:12)
2025-10-30 16:59 +05:30:     at node:net:2205:7
2025-10-30 16:59 +05:30:     at process.processTicksAndRejections (node:internal/process/task_queues:90:21) {
2025-10-30 16:59 +05:30:   code: 'EADDRNOTAVAIL',
2025-10-30 16:59 +05:30:   errno: -4090,
2025-10-30 16:59 +05:30:   syscall: 'listen',
2025-10-30 16:59 +05:30:   address: '192.168.31.65',
2025-10-30 16:59 +05:30:   port: 5000
2025-10-30 16:59 +05:30: }
2025-10-30 16:59 +05:30: Ignoring invalid configuration option passed to Connection: acquireTimeout. This is currently a warning, but in future versions of MySQL2, an error will be thrown if you pass an invalid configuration option to a Connection
2025-10-30 16:59 +05:30: Ignoring invalid configuration option passed to Connection: timeout. This is currently a warning, but in future versions of MySQL2, an error will be thrown if you pass an invalid configuration option to a Connection
2025-10-30 16:59 +05:30: Ignoring invalid configuration option passed to Connection: reconnect. This is currently a warning, but in future versions of MySQL2, an error will be thrown if you pass an invalid configuration option to a Connection
2025-10-30 16:59 +05:30: Error: listen EADDRNOTAVAIL: address not available 192.168.31.65:5000
2025-10-30 16:59 +05:30:     at Server.setupListenHandle [as _listen2] (node:net:1917:21)
2025-10-30 16:59 +05:30:     at listenInCluster (node:net:1996:12)
2025-10-30 16:59 +05:30:     at node:net:2205:7
2025-10-30 16:59 +05:30:     at process.processTicksAndRejections (node:internal/process/task_queues:90:21) {
2025-10-30 16:59 +05:30:   code: 'EADDRNOTAVAIL',
2025-10-30 16:59 +05:30:   errno: -4090,
2025-10-30 16:59 +05:30:   syscall: 'listen',
2025-10-30 16:59 +05:30:   address: '192.168.31.65',
2025-10-30 16:59 +05:30:   port: 5000
2025-10-30 16:59 +05:30: }
2025-10-30 16:59 +05:30: Uncaught Exception: Error: listen EADDRNOTAVAIL: address not available 192.168.31.65:5000
2025-10-30 16:59 +05:30:     at Server.setupListenHandle [as _listen2] (node:net:1917:21)
2025-10-30 16:59 +05:30:     at listenInCluster (node:net:1996:12)
2025-10-30 16:59 +05:30:     at node:net:2205:7
2025-10-30 16:59 +05:30:     at process.processTicksAndRejections (node:internal/process/task_queues:90:21) {
2025-10-30 16:59 +05:30:   code: 'EADDRNOTAVAIL',
2025-10-30 16:59 +05:30:   errno: -4090,
2025-10-30 16:59 +05:30:   syscall: 'listen',
2025-10-30 16:59 +05:30:   address: '192.168.31.65',
2025-10-30 16:59 +05:30:   port: 5000
2025-10-30 16:59 +05:30: }
2025-10-30 17:01 +05:30: Ignoring invalid configuration option passed to Connection: acquireTimeout. This is currently a warning, but in future versions of MySQL2, an error will be thrown if you pass an invalid configuration option to a Connection
2025-10-30 17:01 +05:30: Ignoring invalid configuration option passed to Connection: timeout. This is currently a warning, but in future versions of MySQL2, an error will be thrown if you pass an invalid configuration option to a Connection
2025-10-30 17:01 +05:30: Ignoring invalid configuration option passed to Connection: reconnect. This is currently a warning, but in future versions of MySQL2, an error will be thrown if you pass an invalid configuration option to a Connection
2025-10-30 17:01 +05:30: Error: listen EADDRNOTAVAIL: address not available 192.168.31.65:5000
2025-10-30 17:01 +05:30:     at Server.setupListenHandle [as _listen2] (node:net:1917:21)
2025-10-30 17:01 +05:30:     at listenInCluster (node:net:1996:12)
2025-10-30 17:01 +05:30:     at node:net:2205:7
2025-10-30 17:01 +05:30:     at process.processTicksAndRejections (node:internal/process/task_queues:90:21) {
2025-10-30 17:01 +05:30:   code: 'EADDRNOTAVAIL',
2025-10-30 17:01 +05:30:   errno: -4090,
2025-10-30 17:01 +05:30:   syscall: 'listen',
2025-10-30 17:01 +05:30:   address: '192.168.31.65',
2025-10-30 17:01 +05:30:   port: 5000
2025-10-30 17:01 +05:30: }
2025-10-30 17:01 +05:30: Uncaught Exception: Error: listen EADDRNOTAVAIL: address not available 192.168.31.65:5000
2025-10-30 17:01 +05:30:     at Server.setupListenHandle [as _listen2] (node:net:1917:21)
2025-10-30 17:01 +05:30:     at listenInCluster (node:net:1996:12)
2025-10-30 17:01 +05:30:     at node:net:2205:7
2025-10-30 17:01 +05:30:     at process.processTicksAndRejections (node:internal/process/task_queues:90:21) {
2025-10-30 17:01 +05:30:   code: 'EADDRNOTAVAIL',
2025-10-30 17:01 +05:30:   errno: -4090,
2025-10-30 17:01 +05:30:   syscall: 'listen',
2025-10-30 17:01 +05:30:   address: '192.168.31.65',
2025-10-30 17:01 +05:30:   port: 5000
2025-10-30 17:01 +05:30: }
2025-10-30 17:01 +05:30: Ignoring invalid configuration option passed to Connection: acquireTimeout. This is currently a warning, but in future versions of MySQL2, an error will be thrown if you pass an invalid configuration option to a Connection
2025-10-30 17:01 +05:30: Ignoring invalid configuration option passed to Connection: timeout. This is currently a warning, but in future versions of MySQL2, an error will be thrown if you pass an invalid configuration option to a Connection
2025-10-30 17:01 +05:30: Ignoring invalid configuration option passed to Connection: reconnect. This is currently a warning, but in future versions of MySQL2, an error will be thrown if you pass an invalid configuration option to a Connection
2025-10-30 17:01 +05:30: Error: listen EADDRNOTAVAIL: address not available 192.168.31.65:5000
2025-10-30 17:01 +05:30:     at Server.setupListenHandle [as _listen2] (node:net:1917:21)
2025-10-30 17:01 +05:30:     at listenInCluster (node:net:1996:12)
2025-10-30 17:01 +05:30:     at node:net:2205:7
2025-10-30 17:01 +05:30:     at process.processTicksAndRejections (node:internal/process/task_queues:90:21) {
2025-10-30 17:01 +05:30:   code: 'EADDRNOTAVAIL',
2025-10-30 17:01 +05:30:   errno: -4090,
2025-10-30 17:01 +05:30:   syscall: 'listen',
2025-10-30 17:01 +05:30:   address: '192.168.31.65',
2025-10-30 17:01 +05:30:   port: 5000
2025-10-30 17:01 +05:30: }
2025-10-30 17:01 +05:30: Uncaught Exception: Error: listen EADDRNOTAVAIL: address not available 192.168.31.65:5000
2025-10-30 17:01 +05:30:     at Server.setupListenHandle [as _listen2] (node:net:1917:21)
2025-10-30 17:01 +05:30:     at listenInCluster (node:net:1996:12)
2025-10-30 17:01 +05:30:     at node:net:2205:7
2025-10-30 17:01 +05:30:     at process.processTicksAndRejections (node:internal/process/task_queues:90:21) {
2025-10-30 17:01 +05:30:   code: 'EADDRNOTAVAIL',
2025-10-30 17:01 +05:30:   errno: -4090,
2025-10-30 17:01 +05:30:   syscall: 'listen',
2025-10-30 17:01 +05:30:   address: '192.168.31.65',
2025-10-30 17:01 +05:30:   port: 5000
2025-10-30 17:01 +05:30: }
2025-10-30 17:02 +05:30: Ignoring invalid configuration option passed to Connection: acquireTimeout. This is currently a warning, but in future versions of MySQL2, an error will be thrown if you pass an invalid configuration option to a Connection
2025-10-30 17:02 +05:30: Ignoring invalid configuration option passed to Connection: timeout. This is currently a warning, but in future versions of MySQL2, an error will be thrown if you pass an invalid configuration option to a Connection
2025-10-30 17:02 +05:30: Ignoring invalid configuration option passed to Connection: reconnect. This is currently a warning, but in future versions of MySQL2, an error will be thrown if you pass an invalid configuration option to a Connection
2025-10-30 17:02 +05:30: Error: listen EADDRNOTAVAIL: address not available 192.168.31.65:5000
2025-10-30 17:02 +05:30:     at Server.setupListenHandle [as _listen2] (node:net:1917:21)
2025-10-30 17:02 +05:30:     at listenInCluster (node:net:1996:12)
2025-10-30 17:02 +05:30:     at node:net:2205:7
2025-10-30 17:02 +05:30:     at process.processTicksAndRejections (node:internal/process/task_queues:90:21) {
2025-10-30 17:02 +05:30:   code: 'EADDRNOTAVAIL',
2025-10-30 17:02 +05:30:   errno: -4090,
2025-10-30 17:02 +05:30:   syscall: 'listen',
2025-10-30 17:02 +05:30:   address: '192.168.31.65',
2025-10-30 17:02 +05:30:   port: 5000
2025-10-30 17:02 +05:30: }
2025-10-30 17:02 +05:30: Uncaught Exception: Error: listen EADDRNOTAVAIL: address not available 192.168.31.65:5000
2025-10-30 17:02 +05:30:     at Server.setupListenHandle [as _listen2] (node:net:1917:21)
2025-10-30 17:02 +05:30:     at listenInCluster (node:net:1996:12)
2025-10-30 17:02 +05:30:     at node:net:2205:7
2025-10-30 17:02 +05:30:     at process.processTicksAndRejections (node:internal/process/task_queues:90:21) {
2025-10-30 17:02 +05:30:   code: 'EADDRNOTAVAIL',
2025-10-30 17:02 +05:30:   errno: -4090,
2025-10-30 17:02 +05:30:   syscall: 'listen',
2025-10-30 17:02 +05:30:   address: '192.168.31.65',
2025-10-30 17:02 +05:30:   port: 5000
2025-10-30 17:02 +05:30: }
2025-10-30 17:02 +05:30: Ignoring invalid configuration option passed to Connection: acquireTimeout. This is currently a warning, but in future versions of MySQL2, an error will be thrown if you pass an invalid configuration option to a Connection
2025-10-30 17:02 +05:30: Ignoring invalid configuration option passed to Connection: timeout. This is currently a warning, but in future versions of MySQL2, an error will be thrown if you pass an invalid configuration option to a Connection
2025-10-30 17:02 +05:30: Ignoring invalid configuration option passed to Connection: reconnect. This is currently a warning, but in future versions of MySQL2, an error will be thrown if you pass an invalid configuration option to a Connection
2025-10-30 17:02 +05:30: Error: listen EADDRNOTAVAIL: address not available 192.168.31.65:5000
2025-10-30 17:02 +05:30:     at Server.setupListenHandle [as _listen2] (node:net:1917:21)
2025-10-30 17:02 +05:30:     at listenInCluster (node:net:1996:12)
2025-10-30 17:02 +05:30:     at node:net:2205:7
2025-10-30 17:02 +05:30:     at process.processTicksAndRejections (node:internal/process/task_queues:90:21) {
2025-10-30 17:02 +05:30:   code: 'EADDRNOTAVAIL',
2025-10-30 17:02 +05:30:   errno: -4090,
2025-10-30 17:02 +05:30:   syscall: 'listen',
2025-10-30 17:02 +05:30:   address: '192.168.31.65',
2025-10-30 17:02 +05:30:   port: 5000
2025-10-30 17:02 +05:30: }
2025-10-30 17:02 +05:30: Uncaught Exception: Error: listen EADDRNOTAVAIL: address not available 192.168.31.65:5000
2025-10-30 17:02 +05:30:     at Server.setupListenHandle [as _listen2] (node:net:1917:21)
2025-10-30 17:02 +05:30:     at listenInCluster (node:net:1996:12)
2025-10-30 17:02 +05:30:     at node:net:2205:7
2025-10-30 17:02 +05:30:     at process.processTicksAndRejections (node:internal/process/task_queues:90:21) {
2025-10-30 17:02 +05:30:   code: 'EADDRNOTAVAIL',
2025-10-30 17:02 +05:30:   errno: -4090,
2025-10-30 17:02 +05:30:   syscall: 'listen',
2025-10-30 17:02 +05:30:   address: '192.168.31.65',
2025-10-30 17:02 +05:30:   port: 5000
2025-10-30 17:02 +05:30: }
2025-10-30 17:02 +05:30: Ignoring invalid configuration option passed to Connection: acquireTimeout. This is currently a warning, but in future versions of MySQL2, an error will be thrown if you pass an invalid configuration option to a Connection
2025-10-30 17:02 +05:30: Ignoring invalid configuration option passed to Connection: timeout. This is currently a warning, but in future versions of MySQL2, an error will be thrown if you pass an invalid configuration option to a Connection
2025-10-30 17:02 +05:30: Ignoring invalid configuration option passed to Connection: reconnect. This is currently a warning, but in future versions of MySQL2, an error will be thrown if you pass an invalid configuration option to a Connection
2025-10-30 17:02 +05:30: Error: listen EADDRNOTAVAIL: address not available 192.168.31.65:5000
2025-10-30 17:02 +05:30:     at Server.setupListenHandle [as _listen2] (node:net:1917:21)
2025-10-30 17:02 +05:30:     at listenInCluster (node:net:1996:12)
2025-10-30 17:02 +05:30:     at node:net:2205:7
2025-10-30 17:02 +05:30:     at process.processTicksAndRejections (node:internal/process/task_queues:90:21) {
2025-10-30 17:02 +05:30:   code: 'EADDRNOTAVAIL',
2025-10-30 17:02 +05:30:   errno: -4090,
2025-10-30 17:02 +05:30:   syscall: 'listen',
2025-10-30 17:02 +05:30:   address: '192.168.31.65',
2025-10-30 17:02 +05:30:   port: 5000
2025-10-30 17:02 +05:30: }
2025-10-30 17:02 +05:30: Uncaught Exception: Error: listen EADDRNOTAVAIL: address not available 192.168.31.65:5000
2025-10-30 17:02 +05:30:     at Server.setupListenHandle [as _listen2] (node:net:1917:21)
2025-10-30 17:02 +05:30:     at listenInCluster (node:net:1996:12)
2025-10-30 17:02 +05:30:     at node:net:2205:7
2025-10-30 17:02 +05:30:     at process.processTicksAndRejections (node:internal/process/task_queues:90:21) {
2025-10-30 17:02 +05:30:   code: 'EADDRNOTAVAIL',
2025-10-30 17:02 +05:30:   errno: -4090,
2025-10-30 17:02 +05:30:   syscall: 'listen',
2025-10-30 17:02 +05:30:   address: '192.168.31.65',
2025-10-30 17:02 +05:30:   port: 5000
2025-10-30 17:02 +05:30: }
2025-10-30 17:02 +05:30: Ignoring invalid configuration option passed to Connection: acquireTimeout. This is currently a warning, but in future versions of MySQL2, an error will be thrown if you pass an invalid configuration option to a Connection
2025-10-30 17:02 +05:30: Ignoring invalid configuration option passed to Connection: timeout. This is currently a warning, but in future versions of MySQL2, an error will be thrown if you pass an invalid configuration option to a Connection
2025-10-30 17:02 +05:30: Ignoring invalid configuration option passed to Connection: reconnect. This is currently a warning, but in future versions of MySQL2, an error will be thrown if you pass an invalid configuration option to a Connection
2025-10-30 17:02 +05:30: Error: listen EADDRNOTAVAIL: address not available 192.168.31.65:5000
2025-10-30 17:02 +05:30:     at Server.setupListenHandle [as _listen2] (node:net:1917:21)
2025-10-30 17:02 +05:30:     at listenInCluster (node:net:1996:12)
2025-10-30 17:02 +05:30:     at node:net:2205:7
2025-10-30 17:02 +05:30:     at process.processTicksAndRejections (node:internal/process/task_queues:90:21) {
2025-10-30 17:02 +05:30:   code: 'EADDRNOTAVAIL',
2025-10-30 17:02 +05:30:   errno: -4090,
2025-10-30 17:02 +05:30:   syscall: 'listen',
2025-10-30 17:02 +05:30:   address: '192.168.31.65',
2025-10-30 17:02 +05:30:   port: 5000
2025-10-30 17:02 +05:30: }
2025-10-30 17:02 +05:30: Uncaught Exception: Error: listen EADDRNOTAVAIL: address not available 192.168.31.65:5000
2025-10-30 17:02 +05:30:     at Server.setupListenHandle [as _listen2] (node:net:1917:21)
2025-10-30 17:02 +05:30:     at listenInCluster (node:net:1996:12)
2025-10-30 17:02 +05:30:     at node:net:2205:7
2025-10-30 17:02 +05:30:     at process.processTicksAndRejections (node:internal/process/task_queues:90:21) {
2025-10-30 17:02 +05:30:   code: 'EADDRNOTAVAIL',
2025-10-30 17:02 +05:30:   errno: -4090,
2025-10-30 17:02 +05:30:   syscall: 'listen',
2025-10-30 17:02 +05:30:   address: '192.168.31.65',
2025-10-30 17:02 +05:30:   port: 5000
2025-10-30 17:02 +05:30: }
2025-10-30 17:02 +05:30: Ignoring invalid configuration option passed to Connection: acquireTimeout. This is currently a warning, but in future versions of MySQL2, an error will be thrown if you pass an invalid configuration option to a Connection
2025-10-30 17:02 +05:30: Ignoring invalid configuration option passed to Connection: timeout. This is currently a warning, but in future versions of MySQL2, an error will be thrown if you pass an invalid configuration option to a Connection
2025-10-30 17:02 +05:30: Ignoring invalid configuration option passed to Connection: reconnect. This is currently a warning, but in future versions of MySQL2, an error will be thrown if you pass an invalid configuration option to a Connection
2025-10-30 17:02 +05:30: Error: listen EADDRNOTAVAIL: address not available 192.168.31.65:5000
2025-10-30 17:02 +05:30:     at Server.setupListenHandle [as _listen2] (node:net:1917:21)
2025-10-30 17:02 +05:30:     at listenInCluster (node:net:1996:12)
2025-10-30 17:02 +05:30:     at node:net:2205:7
2025-10-30 17:02 +05:30:     at process.processTicksAndRejections (node:internal/process/task_queues:90:21) {
2025-10-30 17:02 +05:30:   code: 'EADDRNOTAVAIL',
2025-10-30 17:02 +05:30:   errno: -4090,
2025-10-30 17:02 +05:30:   syscall: 'listen',
2025-10-30 17:02 +05:30:   address: '192.168.31.65',
2025-10-30 17:02 +05:30:   port: 5000
2025-10-30 17:02 +05:30: }
2025-10-30 17:02 +05:30: Uncaught Exception: Error: listen EADDRNOTAVAIL: address not available 192.168.31.65:5000
2025-10-30 17:02 +05:30:     at Server.setupListenHandle [as _listen2] (node:net:1917:21)
2025-10-30 17:02 +05:30:     at listenInCluster (node:net:1996:12)
2025-10-30 17:02 +05:30:     at node:net:2205:7
2025-10-30 17:02 +05:30:     at process.processTicksAndRejections (node:internal/process/task_queues:90:21) {
2025-10-30 17:02 +05:30:   code: 'EADDRNOTAVAIL',
2025-10-30 17:02 +05:30:   errno: -4090,
2025-10-30 17:02 +05:30:   syscall: 'listen',
2025-10-30 17:02 +05:30:   address: '192.168.31.65',
2025-10-30 17:02 +05:30:   port: 5000
2025-10-30 17:02 +05:30: }
2025-10-30 17:02 +05:30: Ignoring invalid configuration option passed to Connection: acquireTimeout. This is currently a warning, but in future versions of MySQL2, an error will be thrown if you pass an invalid configuration option to a Connection
2025-10-30 17:02 +05:30: Ignoring invalid configuration option passed to Connection: timeout. This is currently a warning, but in future versions of MySQL2, an error will be thrown if you pass an invalid configuration option to a Connection
2025-10-30 17:02 +05:30: Ignoring invalid configuration option passed to Connection: reconnect. This is currently a warning, but in future versions of MySQL2, an error will be thrown if you pass an invalid configuration option to a Connection
2025-10-30 17:02 +05:30: Error: listen EADDRNOTAVAIL: address not available 192.168.31.65:5000
2025-10-30 17:02 +05:30:     at Server.setupListenHandle [as _listen2] (node:net:1917:21)
2025-10-30 17:02 +05:30:     at listenInCluster (node:net:1996:12)
2025-10-30 17:02 +05:30:     at node:net:2205:7
2025-10-30 17:02 +05:30:     at process.processTicksAndRejections (node:internal/process/task_queues:90:21) {
2025-10-30 17:02 +05:30:   code: 'EADDRNOTAVAIL',
2025-10-30 17:02 +05:30:   errno: -4090,
2025-10-30 17:02 +05:30:   syscall: 'listen',
2025-10-30 17:02 +05:30:   address: '192.168.31.65',
2025-10-30 17:02 +05:30:   port: 5000
2025-10-30 17:02 +05:30: }
2025-10-30 17:02 +05:30: Uncaught Exception: Error: listen EADDRNOTAVAIL: address not available 192.168.31.65:5000
2025-10-30 17:02 +05:30:     at Server.setupListenHandle [as _listen2] (node:net:1917:21)
2025-10-30 17:02 +05:30:     at listenInCluster (node:net:1996:12)
2025-10-30 17:02 +05:30:     at node:net:2205:7
2025-10-30 17:02 +05:30:     at process.processTicksAndRejections (node:internal/process/task_queues:90:21) {
2025-10-30 17:02 +05:30:   code: 'EADDRNOTAVAIL',
2025-10-30 17:02 +05:30:   errno: -4090,
2025-10-30 17:02 +05:30:   syscall: 'listen',
2025-10-30 17:02 +05:30:   address: '192.168.31.65',
2025-10-30 17:02 +05:30:   port: 5000
2025-10-30 17:02 +05:30: }
2025-10-30 17:02 +05:30: Ignoring invalid configuration option passed to Connection: acquireTimeout. This is currently a warning, but in future versions of MySQL2, an error will be thrown if you pass an invalid configuration option to a Connection
2025-10-30 17:02 +05:30: Ignoring invalid configuration option passed to Connection: timeout. This is currently a warning, but in future versions of MySQL2, an error will be thrown if you pass an invalid configuration option to a Connection
2025-10-30 17:02 +05:30: Ignoring invalid configuration option passed to Connection: reconnect. This is currently a warning, but in future versions of MySQL2, an error will be thrown if you pass an invalid configuration option to a Connection
2025-10-30 17:02 +05:30: Error: listen EADDRNOTAVAIL: address not available 192.168.31.65:5000
2025-10-30 17:02 +05:30:     at Server.setupListenHandle [as _listen2] (node:net:1917:21)
2025-10-30 17:02 +05:30:     at listenInCluster (node:net:1996:12)
2025-10-30 17:02 +05:30:     at node:net:2205:7
2025-10-30 17:02 +05:30:     at process.processTicksAndRejections (node:internal/process/task_queues:90:21) {
2025-10-30 17:02 +05:30:   code: 'EADDRNOTAVAIL',
2025-10-30 17:02 +05:30:   errno: -4090,
2025-10-30 17:02 +05:30:   syscall: 'listen',
2025-10-30 17:02 +05:30:   address: '192.168.31.65',
2025-10-30 17:02 +05:30:   port: 5000
2025-10-30 17:02 +05:30: }
2025-10-30 17:02 +05:30: Uncaught Exception: Error: listen EADDRNOTAVAIL: address not available 192.168.31.65:5000
2025-10-30 17:02 +05:30:     at Server.setupListenHandle [as _listen2] (node:net:1917:21)
2025-10-30 17:02 +05:30:     at listenInCluster (node:net:1996:12)
2025-10-30 17:02 +05:30:     at node:net:2205:7
2025-10-30 17:02 +05:30:     at process.processTicksAndRejections (node:internal/process/task_queues:90:21) {
2025-10-30 17:02 +05:30:   code: 'EADDRNOTAVAIL',
2025-10-30 17:02 +05:30:   errno: -4090,
2025-10-30 17:02 +05:30:   syscall: 'listen',
2025-10-30 17:02 +05:30:   address: '192.168.31.65',
2025-10-30 17:02 +05:30:   port: 5000
2025-10-30 17:02 +05:30: }
2025-10-30 17:02 +05:30: Ignoring invalid configuration option passed to Connection: acquireTimeout. This is currently a warning, but in future versions of MySQL2, an error will be thrown if you pass an invalid configuration option to a Connection
2025-10-30 17:02 +05:30: Ignoring invalid configuration option passed to Connection: timeout. This is currently a warning, but in future versions of MySQL2, an error will be thrown if you pass an invalid configuration option to a Connection
2025-10-30 17:02 +05:30: Ignoring invalid configuration option passed to Connection: reconnect. This is currently a warning, but in future versions of MySQL2, an error will be thrown if you pass an invalid configuration option to a Connection
2025-10-30 17:02 +05:30: Error: listen EADDRNOTAVAIL: address not available 192.168.31.65:5000
2025-10-30 17:02 +05:30:     at Server.setupListenHandle [as _listen2] (node:net:1917:21)
2025-10-30 17:02 +05:30:     at listenInCluster (node:net:1996:12)
2025-10-30 17:02 +05:30:     at node:net:2205:7
2025-10-30 17:02 +05:30:     at process.processTicksAndRejections (node:internal/process/task_queues:90:21) {
2025-10-30 17:02 +05:30:   code: 'EADDRNOTAVAIL',
2025-10-30 17:02 +05:30:   errno: -4090,
2025-10-30 17:02 +05:30:   syscall: 'listen',
2025-10-30 17:02 +05:30:   address: '192.168.31.65',
2025-10-30 17:02 +05:30:   port: 5000
2025-10-30 17:02 +05:30: }
2025-10-30 17:02 +05:30: Uncaught Exception: Error: listen EADDRNOTAVAIL: address not available 192.168.31.65:5000
2025-10-30 17:02 +05:30:     at Server.setupListenHandle [as _listen2] (node:net:1917:21)
2025-10-30 17:02 +05:30:     at listenInCluster (node:net:1996:12)
2025-10-30 17:02 +05:30:     at node:net:2205:7
2025-10-30 17:02 +05:30:     at process.processTicksAndRejections (node:internal/process/task_queues:90:21) {
2025-10-30 17:02 +05:30:   code: 'EADDRNOTAVAIL',
2025-10-30 17:02 +05:30:   errno: -4090,
2025-10-30 17:02 +05:30:   syscall: 'listen',
2025-10-30 17:02 +05:30:   address: '192.168.31.65',
2025-10-30 17:02 +05:30:   port: 5000
2025-10-30 17:02 +05:30: }
