2025-10-30 15:54 +05:30: 
2025-10-30 15:54 +05:30: > cmscrm-frontend@1.0.0 dev
2025-10-30 15:54 +05:30: > vite
2025-10-30 15:54 +05:30: 
2025-10-30 15:54 +05:30: [dotenv@17.2.3] injecting env (3) from .env -- tip: 🗂️ backup and recover secrets: https://dotenvx.com/ops
2025-10-30 15:54 +05:30: Frontend process exited with code 1
2025-10-30 15:54 +05:30: 
2025-10-30 15:54 +05:30: > cmscrm-frontend@1.0.0 dev
2025-10-30 15:54 +05:30: > vite
2025-10-30 15:54 +05:30: 
2025-10-30 15:54 +05:30: [dotenv@17.2.3] injecting env (3) from .env -- tip: ⚙️  specify custom .env file path with { path: '/custom/path/.env' }
2025-10-30 15:54 +05:30: Frontend process exited with code 1
2025-10-30 15:54 +05:30: 
2025-10-30 15:54 +05:30: > cmscrm-frontend@1.0.0 dev
2025-10-30 15:54 +05:30: > vite
2025-10-30 15:54 +05:30: 
2025-10-30 15:54 +05:30: [dotenv@17.2.3] injecting env (3) from .env -- tip: ⚙️  write to custom object with { processEnv: myObject }
2025-10-30 15:54 +05:30: Frontend process exited with code 1
2025-10-30 15:54 +05:30: 
2025-10-30 15:54 +05:30: > cmscrm-frontend@1.0.0 dev
2025-10-30 15:54 +05:30: > vite
2025-10-30 15:54 +05:30: 
2025-10-30 15:54 +05:30: [dotenv@17.2.3] injecting env (3) from .env -- tip: ⚙️  override existing env vars with { override: true }
2025-10-30 15:54 +05:30: Frontend process exited with code 1
2025-10-30 15:54 +05:30: 
2025-10-30 15:54 +05:30: > cmscrm-frontend@1.0.0 dev
2025-10-30 15:54 +05:30: > vite
2025-10-30 15:54 +05:30: 
2025-10-30 15:54 +05:30: [dotenv@17.2.3] injecting env (3) from .env -- tip: ⚙️  specify custom .env file path with { path: '/custom/path/.env' }
2025-10-30 15:54 +05:30: Frontend process exited with code 1
2025-10-30 15:54 +05:30: 
2025-10-30 15:54 +05:30: > cmscrm-frontend@1.0.0 dev
2025-10-30 15:54 +05:30: > vite
2025-10-30 15:54 +05:30: 
2025-10-30 15:54 +05:30: [dotenv@17.2.3] injecting env (3) from .env -- tip: 🔐 prevent building .env in docker: https://dotenvx.com/prebuild
2025-10-30 15:54 +05:30: Frontend process exited with code 1
2025-10-30 15:54 +05:30: 
2025-10-30 15:54 +05:30: > cmscrm-frontend@1.0.0 dev
2025-10-30 15:54 +05:30: > vite
2025-10-30 15:54 +05:30: 
2025-10-30 15:54 +05:30: [dotenv@17.2.3] injecting env (3) from .env -- tip: 🔐 prevent building .env in docker: https://dotenvx.com/prebuild
2025-10-30 15:54 +05:30: Frontend process exited with code 1
2025-10-30 15:54 +05:30: 
2025-10-30 15:54 +05:30: > cmscrm-frontend@1.0.0 dev
2025-10-30 15:54 +05:30: > vite
2025-10-30 15:54 +05:30: 
2025-10-30 15:54 +05:30: [dotenv@17.2.3] injecting env (3) from .env -- tip: ⚙️  override existing env vars with { override: true }
2025-10-30 15:54 +05:30: Frontend process exited with code 1
2025-10-30 15:54 +05:30: 
2025-10-30 15:54 +05:30: > cmscrm-frontend@1.0.0 dev
2025-10-30 15:54 +05:30: > vite
2025-10-30 15:54 +05:30: 
2025-10-30 15:54 +05:30: [dotenv@17.2.3] injecting env (3) from .env -- tip: 👥 sync secrets across teammates & machines: https://dotenvx.com/ops
2025-10-30 15:54 +05:30: Frontend process exited with code 1
2025-10-30 15:54 +05:30: 
2025-10-30 15:54 +05:30: > cmscrm-frontend@1.0.0 dev
2025-10-30 15:54 +05:30: > vite
2025-10-30 15:54 +05:30: 
2025-10-30 15:54 +05:30: [dotenv@17.2.3] injecting env (3) from .env -- tip: ⚙️  specify custom .env file path with { path: '/custom/path/.env' }
2025-10-30 15:54 +05:30: Frontend process exited with code 1
2025-10-30 15:55 +05:30: 
2025-10-30 15:55 +05:30: > cmscrm-frontend@1.0.0 dev
2025-10-30 15:55 +05:30: > vite
2025-10-30 15:55 +05:30: 
2025-10-30 15:55 +05:30: [dotenv@17.2.3] injecting env (3) from .env -- tip: 📡 add observability to secrets: https://dotenvx.com/ops
2025-10-30 15:55 +05:30: 
2025-10-30 15:55 +05:30:   [32m[1mVITE[22m v7.1.9[39m  [2mready in [0m[1m191[22m[2m[0m ms[22m
2025-10-30 15:55 +05:30: 
2025-10-30 15:55 +05:30:   [32m➜[39m  [1mLocal[22m:   [36mhttp://localhost:[1m8800[22m/[39m
2025-10-30 15:56 +05:30: 
2025-10-30 15:56 +05:30: > cmscrm-frontend@1.0.0 dev
2025-10-30 15:56 +05:30: > vite
2025-10-30 15:56 +05:30: 
2025-10-30 15:56 +05:30: [dotenv@17.2.3] injecting env (3) from .env -- tip: 🛠️  run anywhere with `dotenvx run -- yourcommand`
2025-10-30 15:56 +05:30: 
2025-10-30 15:56 +05:30:   [32m[1mVITE[22m v7.1.9[39m  [2mready in [0m[1m191[22m[2m[0m ms[22m
2025-10-30 15:56 +05:30: 
2025-10-30 15:56 +05:30:   [32m➜[39m  [1mLocal[22m:   [36mhttp://localhost:[1m8800[22m/[39m
2025-10-30 15:57 +05:30: 
2025-10-30 15:57 +05:30: > cmscrm-frontend@1.0.0 dev
2025-10-30 15:57 +05:30: > vite
2025-10-30 15:57 +05:30: 
2025-10-30 15:57 +05:30: [dotenv@17.2.3] injecting env (3) from .env -- tip: 👥 sync secrets across teammates & machines: https://dotenvx.com/ops
2025-10-30 15:57 +05:30: 
2025-10-30 15:57 +05:30:   [32m[1mVITE[22m v7.1.9[39m  [2mready in [0m[1m205[22m[2m[0m ms[22m
2025-10-30 15:57 +05:30: 
2025-10-30 15:57 +05:30:   [32m➜[39m  [1mLocal[22m:   [36mhttp://localhost:[1m8800[22m/[39m
2025-10-30 15:57 +05:30: Frontend process exited with code 3221225786
2025-10-30 15:57 +05:30: 
2025-10-30 15:57 +05:30: > cmscrm-frontend@1.0.0 dev
2025-10-30 15:57 +05:30: > vite
2025-10-30 15:57 +05:30: 
2025-10-30 15:57 +05:30: [dotenv@17.2.3] injecting env (3) from .env -- tip: ⚙️  write to custom object with { processEnv: myObject }
2025-10-30 15:57 +05:30: 
2025-10-30 15:57 +05:30:   [32m[1mVITE[22m v7.1.9[39m  [2mready in [0m[1m186[22m[2m[0m ms[22m
2025-10-30 15:57 +05:30: 
2025-10-30 15:57 +05:30:   [32m➜[39m  [1mLocal[22m:   [36mhttp://localhost:[1m8800[22m/[39m
2025-10-30 17:31 +05:30: Terminate batch job (Y/N)? 
